Added Component: Designator=C0(C 0603_M)
Add component. Clean all parameters for all variants
Add component (AddParameter): Name = "BOM名称"; Value = "无极性贴片电容"; VariantName = "[No Variations]"
Add component (AddParameter): Name = "学习资源"; Value = "www.ooocke.com"; VariantName = "[No Variations]"
Add component (AddParameter): Name = "版权归属"; Value = "源创客"; VariantName = "[No Variations]"
Added Component: Designator=C1(C 0805_L)
Add component. Clean all parameters for all variants
Add component (AddParameter): Name = "BOM名称"; Value = "无极性贴片电容"; VariantName = "[No Variations]"
Add component (AddParameter): Name = "学习资源"; Value = "www.ooocke.com"; VariantName = "[No Variations]"
Add component (AddParameter): Name = "版权归属"; Value = "源创客"; VariantName = "[No Variations]"
Added Component: Designator=C6(C 0603_M)
Add component. Clean all parameters for all variants
Add component (AddParameter): Name = "BOM名称"; Value = "无极性贴片电容"; VariantName = "[No Variations]"
Add component (AddParameter): Name = "学习资源"; Value = "www.ooocke.com"; VariantName = "[No Variations]"
Add component (AddParameter): Name = "版权归属"; Value = "源创客"; VariantName = "[No Variations]"
Added Component: Designator=C7(C 0603_M)
Add component. Clean all parameters for all variants
Add component (AddParameter): Name = "BOM名称"; Value = "无极性贴片电容"; VariantName = "[No Variations]"
Add component (AddParameter): Name = "学习资源"; Value = "www.ooocke.com"; VariantName = "[No Variations]"
Add component (AddParameter): Name = "版权归属"; Value = "源创客"; VariantName = "[No Variations]"
Added Component: Designator=C8(C 0603_M)
Add component. Clean all parameters for all variants
Add component (AddParameter): Name = "BOM名称"; Value = "无极性贴片电容"; VariantName = "[No Variations]"
Add component (AddParameter): Name = "学习资源"; Value = "www.ooocke.com"; VariantName = "[No Variations]"
Add component (AddParameter): Name = "版权归属"; Value = "源创客"; VariantName = "[No Variations]"
Added Component: Designator=C9(C 0603_M)
Add component. Clean all parameters for all variants
Add component (AddParameter): Name = "BOM名称"; Value = "无极性贴片电容"; VariantName = "[No Variations]"
Add component (AddParameter): Name = "学习资源"; Value = "www.ooocke.com"; VariantName = "[No Variations]"
Add component (AddParameter): Name = "版权归属"; Value = "源创客"; VariantName = "[No Variations]"
Added Component: Designator=C10(C 0603_M)
Add component. Clean all parameters for all variants
Add component (AddParameter): Name = "BOM名称"; Value = "无极性贴片电容"; VariantName = "[No Variations]"
Add component (AddParameter): Name = "学习资源"; Value = "www.ooocke.com"; VariantName = "[No Variations]"
Add component (AddParameter): Name = "版权归属"; Value = "源创客"; VariantName = "[No Variations]"
Added Component: Designator=C11(C 0603_M)
Add component. Clean all parameters for all variants
Add component (AddParameter): Name = "BOM名称"; Value = "无极性贴片电容"; VariantName = "[No Variations]"
Add component (AddParameter): Name = "学习资源"; Value = "www.ooocke.com"; VariantName = "[No Variations]"
Add component (AddParameter): Name = "版权归属"; Value = "源创客"; VariantName = "[No Variations]"
Added Component: Designator=C12(C 0603_M)
Add component. Clean all parameters for all variants
Add component (AddParameter): Name = "BOM名称"; Value = "无极性贴片电容"; VariantName = "[No Variations]"
Add component (AddParameter): Name = "学习资源"; Value = "www.ooocke.com"; VariantName = "[No Variations]"
Add component (AddParameter): Name = "版权归属"; Value = "源创客"; VariantName = "[No Variations]"
Added Component: Designator=C13(C 0603_M)
Add component. Clean all parameters for all variants
Add component (AddParameter): Name = "BOM名称"; Value = "无极性贴片电容"; VariantName = "[No Variations]"
Add component (AddParameter): Name = "学习资源"; Value = "www.ooocke.com"; VariantName = "[No Variations]"
Add component (AddParameter): Name = "版权归属"; Value = "源创客"; VariantName = "[No Variations]"
Added Component: Designator=C14(C 0603_M)
Add component. Clean all parameters for all variants
Add component (AddParameter): Name = "BOM名称"; Value = "无极性贴片电容"; VariantName = "[No Variations]"
Add component (AddParameter): Name = "学习资源"; Value = "www.ooocke.com"; VariantName = "[No Variations]"
Add component (AddParameter): Name = "版权归属"; Value = "源创客"; VariantName = "[No Variations]"
Added Component: Designator=C15(C 0603_M)
Add component. Clean all parameters for all variants
Add component (AddParameter): Name = "BOM名称"; Value = "无极性贴片电容"; VariantName = "[No Variations]"
Add component (AddParameter): Name = "学习资源"; Value = "www.ooocke.com"; VariantName = "[No Variations]"
Add component (AddParameter): Name = "版权归属"; Value = "源创客"; VariantName = "[No Variations]"
Added Component: Designator=C16(C 0603_M)
Add component. Clean all parameters for all variants
Add component (AddParameter): Name = "BOM名称"; Value = "无极性贴片电容"; VariantName = "[No Variations]"
Add component (AddParameter): Name = "学习资源"; Value = "www.ooocke.com"; VariantName = "[No Variations]"
Add component (AddParameter): Name = "版权归属"; Value = "源创客"; VariantName = "[No Variations]"
Added Component: Designator=C17(C 0603_M)
Add component. Clean all parameters for all variants
Add component (AddParameter): Name = "BOM名称"; Value = "无极性贴片电容"; VariantName = "[No Variations]"
Add component (AddParameter): Name = "学习资源"; Value = "www.ooocke.com"; VariantName = "[No Variations]"
Add component (AddParameter): Name = "版权归属"; Value = "源创客"; VariantName = "[No Variations]"
Added Component: Designator=C18(C 0603_M)
Add component. Clean all parameters for all variants
Add component (AddParameter): Name = "BOM名称"; Value = "无极性贴片电容"; VariantName = "[No Variations]"
Add component (AddParameter): Name = "学习资源"; Value = "www.ooocke.com"; VariantName = "[No Variations]"
Add component (AddParameter): Name = "版权归属"; Value = "源创客"; VariantName = "[No Variations]"
Added Component: Designator=C19(C 0603_M)
Add component. Clean all parameters for all variants
Add component (AddParameter): Name = "BOM名称"; Value = "无极性贴片电容"; VariantName = "[No Variations]"
Add component (AddParameter): Name = "学习资源"; Value = "www.ooocke.com"; VariantName = "[No Variations]"
Add component (AddParameter): Name = "版权归属"; Value = "源创客"; VariantName = "[No Variations]"
Added Component: Designator=C20(C 0603_M)
Add component. Clean all parameters for all variants
Add component (AddParameter): Name = "BOM名称"; Value = "无极性贴片电容"; VariantName = "[No Variations]"
Add component (AddParameter): Name = "学习资源"; Value = "www.ooocke.com"; VariantName = "[No Variations]"
Add component (AddParameter): Name = "版权归属"; Value = "源创客"; VariantName = "[No Variations]"
Added Component: Designator=C21(C 0603_M)
Add component. Clean all parameters for all variants
Add component (AddParameter): Name = "BOM名称"; Value = "无极性贴片电容"; VariantName = "[No Variations]"
Add component (AddParameter): Name = "学习资源"; Value = "www.ooocke.com"; VariantName = "[No Variations]"
Add component (AddParameter): Name = "版权归属"; Value = "源创客"; VariantName = "[No Variations]"
Added Component: Designator=C22(C 0603_M)
Add component. Clean all parameters for all variants
Add component (AddParameter): Name = "BOM名称"; Value = "无极性贴片电容"; VariantName = "[No Variations]"
Add component (AddParameter): Name = "学习资源"; Value = "www.ooocke.com"; VariantName = "[No Variations]"
Add component (AddParameter): Name = "版权归属"; Value = "源创客"; VariantName = "[No Variations]"
Added Component: Designator=C23(C 0603_M)
Add component. Clean all parameters for all variants
Add component (AddParameter): Name = "BOM名称"; Value = "无极性贴片电容"; VariantName = "[No Variations]"
Add component (AddParameter): Name = "学习资源"; Value = "www.ooocke.com"; VariantName = "[No Variations]"
Add component (AddParameter): Name = "版权归属"; Value = "源创客"; VariantName = "[No Variations]"
Added Component: Designator=C24(C 0603_M)
Add component. Clean all parameters for all variants
Add component (AddParameter): Name = "BOM名称"; Value = "无极性贴片电容"; VariantName = "[No Variations]"
Add component (AddParameter): Name = "学习资源"; Value = "www.ooocke.com"; VariantName = "[No Variations]"
Add component (AddParameter): Name = "版权归属"; Value = "源创客"; VariantName = "[No Variations]"
Added Component: Designator=C25(C 0603_M)
Add component. Clean all parameters for all variants
Add component (AddParameter): Name = "BOM名称"; Value = "无极性贴片电容"; VariantName = "[No Variations]"
Add component (AddParameter): Name = "学习资源"; Value = "www.ooocke.com"; VariantName = "[No Variations]"
Add component (AddParameter): Name = "版权归属"; Value = "源创客"; VariantName = "[No Variations]"
Added Component: Designator=C30(C 0603_M)
Add component. Clean all parameters for all variants
Add component (AddParameter): Name = "BOM名称"; Value = "无极性贴片电容"; VariantName = "[No Variations]"
Add component (AddParameter): Name = "学习资源"; Value = "www.ooocke.com"; VariantName = "[No Variations]"
Add component (AddParameter): Name = "版权归属"; Value = "源创客"; VariantName = "[No Variations]"
Added Component: Designator=C31(C 0603_M)
Add component. Clean all parameters for all variants
Add component (AddParameter): Name = "BOM名称"; Value = "无极性贴片电容"; VariantName = "[No Variations]"
Add component (AddParameter): Name = "学习资源"; Value = "www.ooocke.com"; VariantName = "[No Variations]"
Add component (AddParameter): Name = "版权归属"; Value = "源创客"; VariantName = "[No Variations]"
Added Component: Designator=JP1(DIP-8座)
Add component. Clean all parameters for all variants
Added Component: Designator=JP2(IDC2.54-LI-2x8P)
Add component. Clean all parameters for all variants
Add component (AddParameter): Name = "BOM名称"; Value = "8*2P接插件"; VariantName = "[No Variations]"
Add component (AddParameter): Name = "学习资源"; Value = "www.ooocke.com"; VariantName = "[No Variations]"
Add component (AddParameter): Name = "版权归属"; Value = "源创客"; VariantName = "[No Variations]"
Added Component: Designator=JP3(IDC2.54-LI-2x8P)
Add component. Clean all parameters for all variants
Add component (AddParameter): Name = "BOM名称"; Value = "8*2P接插件"; VariantName = "[No Variations]"
Add component (AddParameter): Name = "学习资源"; Value = "www.ooocke.com"; VariantName = "[No Variations]"
Add component (AddParameter): Name = "版权归属"; Value = "源创客"; VariantName = "[No Variations]"
Added Component: Designator=JP5(MX 1.25-LS-4P)
Add component. Clean all parameters for all variants
Add component (AddParameter): Name = "BOM名称"; Value = "4P接插件"; VariantName = "[No Variations]"
Add component (AddParameter): Name = "学习资源"; Value = "www.ooocke.com"; VariantName = "[No Variations]"
Add component (AddParameter): Name = "版权归属"; Value = "源创客"; VariantName = "[No Variations]"
Added Component: Designator=JP6(PHB2.0-LI-2x4P)
Add component. Clean all parameters for all variants
Add component (AddParameter): Name = "BOM名称"; Value = "4*2P接插件"; VariantName = "[No Variations]"
Add component (AddParameter): Name = "学习资源"; Value = "www.ooocke.com"; VariantName = "[No Variations]"
Add component (AddParameter): Name = "版权归属"; Value = "源创客"; VariantName = "[No Variations]"
Added Component: Designator=JP7(PHB2.0-LI-2x4P)
Add component. Clean all parameters for all variants
Add component (AddParameter): Name = "BOM名称"; Value = "4*2P接插件"; VariantName = "[No Variations]"
Add component (AddParameter): Name = "学习资源"; Value = "www.ooocke.com"; VariantName = "[No Variations]"
Add component (AddParameter): Name = "版权归属"; Value = "源创客"; VariantName = "[No Variations]"
Added Component: Designator=JP8(PHB2.0-LI-2x4P)
Add component. Clean all parameters for all variants
Add component (AddParameter): Name = "BOM名称"; Value = "4*2P接插件"; VariantName = "[No Variations]"
Add component (AddParameter): Name = "学习资源"; Value = "www.ooocke.com"; VariantName = "[No Variations]"
Add component (AddParameter): Name = "版权归属"; Value = "源创客"; VariantName = "[No Variations]"
Added Component: Designator=JP11(PH2.0-WI-3P)
Add component. Clean all parameters for all variants
Add component (AddParameter): Name = "BOM名称"; Value = "3P接插件"; VariantName = "[No Variations]"
Add component (AddParameter): Name = "学习资源"; Value = "www.ooocke.com"; VariantName = "[No Variations]"
Add component (AddParameter): Name = "版权归属"; Value = "源创客"; VariantName = "[No Variations]"
Added Component: Designator=JP12(MX 1.25-WI-2P)
Add component. Clean all parameters for all variants
Add component (AddParameter): Name = "BOM名称"; Value = "2P接插件"; VariantName = "[No Variations]"
Add component (AddParameter): Name = "学习资源"; Value = "www.ooocke.com"; VariantName = "[No Variations]"
Add component (AddParameter): Name = "版权归属"; Value = "源创客"; VariantName = "[No Variations]"
Added Component: Designator=JP13(MX 1.25-WI-2P)
Add component. Clean all parameters for all variants
Add component (AddParameter): Name = "BOM名称"; Value = "2P接插件"; VariantName = "[No Variations]"
Add component (AddParameter): Name = "学习资源"; Value = "www.ooocke.com"; VariantName = "[No Variations]"
Add component (AddParameter): Name = "版权归属"; Value = "源创客"; VariantName = "[No Variations]"
Added Component: Designator=JP17(KF128-5.08-2P)
Add component. Clean all parameters for all variants
Add component (AddParameter): Name = "BOM名称"; Value = "2P接插件"; VariantName = "[No Variations]"
Add component (AddParameter): Name = "学习资源"; Value = "www.ooocke.com"; VariantName = "[No Variations]"
Add component (AddParameter): Name = "版权归属"; Value = "源创客"; VariantName = "[No Variations]"
Added Component: Designator=JP19(KF128-5.08-2P)
Add component. Clean all parameters for all variants
Add component (AddParameter): Name = "BOM名称"; Value = "2P接插件"; VariantName = "[No Variations]"
Add component (AddParameter): Name = "学习资源"; Value = "www.ooocke.com"; VariantName = "[No Variations]"
Add component (AddParameter): Name = "版权归属"; Value = "源创客"; VariantName = "[No Variations]"
Added Component: Designator=JP?(KF128-5.08-8P)
Add component. Clean all parameters for all variants
Add component (AddParameter): Name = "BOM名称"; Value = "8P接插件"; VariantName = "[No Variations]"
Add component (AddParameter): Name = "学习资源"; Value = "www.ooocke.com"; VariantName = "[No Variations]"
Add component (AddParameter): Name = "版权归属"; Value = "源创客"; VariantName = "[No Variations]"
Added Component: Designator=M1(FK750M2-VBT6(精简版))
Add component. Clean all parameters for all variants
Added Component: Designator=M2(GY-39)
Add component. Clean all parameters for all variants
Added Component: Designator=M3(WT-931)
Add component. Clean all parameters for all variants
Added Component: Designator=M4(Deep_32)
Add component. Clean all parameters for all variants
Added Component: Designator=M6(HLK7621)
Add component. Clean all parameters for all variants
Added Component: Designator=M7(一号电压板)
Add component. Clean all parameters for all variants
Added Component: Designator=Q1(SOT23-3M)
Add component. Clean all parameters for all variants
Add component (AddParameter): Name = "BOM名称"; Value = "高频放大-PNP型"; VariantName = "[No Variations]"
Add component (AddParameter): Name = "学习资源"; Value = "www.ooocke.com"; VariantName = "[No Variations]"
Add component (AddParameter): Name = "属性"; Value = "40V 1.5A 1W 100MHZ"; VariantName = "[No Variations]"
Add component (AddParameter): Name = "版权归属"; Value = "源创客"; VariantName = "[No Variations]"
Added Component: Designator=R1(R 0603_M)
Add component. Clean all parameters for all variants
Add component (AddParameter): Name = "BOM名称"; Value = "贴片电阻"; VariantName = "[No Variations]"
Add component (AddParameter): Name = "学习资源"; Value = "www.ooocke.com"; VariantName = "[No Variations]"
Add component (AddParameter): Name = "版权归属"; Value = "源创客"; VariantName = "[No Variations]"
Added Component: Designator=R2(R 0805_L)
Add component. Clean all parameters for all variants
Add component (AddParameter): Name = "BOM名称"; Value = "贴片电阻"; VariantName = "[No Variations]"
Add component (AddParameter): Name = "学习资源"; Value = "www.ooocke.com"; VariantName = "[No Variations]"
Add component (AddParameter): Name = "版权归属"; Value = "源创客"; VariantName = "[No Variations]"
Added Component: Designator=R4(R 0603_M)
Add component. Clean all parameters for all variants
Add component (AddParameter): Name = "BOM名称"; Value = "贴片电阻"; VariantName = "[No Variations]"
Add component (AddParameter): Name = "学习资源"; Value = "www.ooocke.com"; VariantName = "[No Variations]"
Add component (AddParameter): Name = "版权归属"; Value = "源创客"; VariantName = "[No Variations]"
Added Component: Designator=R5(R 0603_M)
Add component. Clean all parameters for all variants
Add component (AddParameter): Name = "BOM名称"; Value = "贴片电阻"; VariantName = "[No Variations]"
Add component (AddParameter): Name = "学习资源"; Value = "www.ooocke.com"; VariantName = "[No Variations]"
Add component (AddParameter): Name = "版权归属"; Value = "源创客"; VariantName = "[No Variations]"
Added Component: Designator=R6(R 0603_M)
Add component. Clean all parameters for all variants
Add component (AddParameter): Name = "BOM名称"; Value = "贴片电阻"; VariantName = "[No Variations]"
Add component (AddParameter): Name = "学习资源"; Value = "www.ooocke.com"; VariantName = "[No Variations]"
Add component (AddParameter): Name = "版权归属"; Value = "源创客"; VariantName = "[No Variations]"
Added Component: Designator=R7(R 0603_M)
Add component. Clean all parameters for all variants
Add component (AddParameter): Name = "BOM名称"; Value = "贴片电阻"; VariantName = "[No Variations]"
Add component (AddParameter): Name = "学习资源"; Value = "www.ooocke.com"; VariantName = "[No Variations]"
Add component (AddParameter): Name = "版权归属"; Value = "源创客"; VariantName = "[No Variations]"
Added Component: Designator=R8(R 0603_M)
Add component. Clean all parameters for all variants
Add component (AddParameter): Name = "BOM名称"; Value = "贴片电阻"; VariantName = "[No Variations]"
Add component (AddParameter): Name = "学习资源"; Value = "www.ooocke.com"; VariantName = "[No Variations]"
Add component (AddParameter): Name = "版权归属"; Value = "源创客"; VariantName = "[No Variations]"
Added Component: Designator=R9(R 0603_M)
Add component. Clean all parameters for all variants
Add component (AddParameter): Name = "BOM名称"; Value = "贴片电阻"; VariantName = "[No Variations]"
Add component (AddParameter): Name = "学习资源"; Value = "www.ooocke.com"; VariantName = "[No Variations]"
Add component (AddParameter): Name = "版权归属"; Value = "源创客"; VariantName = "[No Variations]"
Added Component: Designator=R10(R 0603_M)
Add component. Clean all parameters for all variants
Add component (AddParameter): Name = "BOM名称"; Value = "贴片电阻"; VariantName = "[No Variations]"
Add component (AddParameter): Name = "学习资源"; Value = "www.ooocke.com"; VariantName = "[No Variations]"
Add component (AddParameter): Name = "版权归属"; Value = "源创客"; VariantName = "[No Variations]"
Added Component: Designator=R11(R 0603_M)
Add component. Clean all parameters for all variants
Add component (AddParameter): Name = "BOM名称"; Value = "贴片电阻"; VariantName = "[No Variations]"
Add component (AddParameter): Name = "学习资源"; Value = "www.ooocke.com"; VariantName = "[No Variations]"
Add component (AddParameter): Name = "版权归属"; Value = "源创客"; VariantName = "[No Variations]"
Added Component: Designator=R12(R 0603_M)
Add component. Clean all parameters for all variants
Add component (AddParameter): Name = "BOM名称"; Value = "贴片电阻"; VariantName = "[No Variations]"
Add component (AddParameter): Name = "学习资源"; Value = "www.ooocke.com"; VariantName = "[No Variations]"
Add component (AddParameter): Name = "版权归属"; Value = "源创客"; VariantName = "[No Variations]"
Added Component: Designator=R13(R 0603_M)
Add component. Clean all parameters for all variants
Add component (AddParameter): Name = "BOM名称"; Value = "贴片电阻"; VariantName = "[No Variations]"
Add component (AddParameter): Name = "学习资源"; Value = "www.ooocke.com"; VariantName = "[No Variations]"
Add component (AddParameter): Name = "版权归属"; Value = "源创客"; VariantName = "[No Variations]"
Added Component: Designator=R14(R 0603_M)
Add component. Clean all parameters for all variants
Add component (AddParameter): Name = "BOM名称"; Value = "贴片电阻"; VariantName = "[No Variations]"
Add component (AddParameter): Name = "学习资源"; Value = "www.ooocke.com"; VariantName = "[No Variations]"
Add component (AddParameter): Name = "版权归属"; Value = "源创客"; VariantName = "[No Variations]"
Added Component: Designator=R15(R 0603_M)
Add component. Clean all parameters for all variants
Add component (AddParameter): Name = "BOM名称"; Value = "贴片电阻"; VariantName = "[No Variations]"
Add component (AddParameter): Name = "学习资源"; Value = "www.ooocke.com"; VariantName = "[No Variations]"
Add component (AddParameter): Name = "版权归属"; Value = "源创客"; VariantName = "[No Variations]"
Added Component: Designator=R16(R 0603_M)
Add component. Clean all parameters for all variants
Add component (AddParameter): Name = "BOM名称"; Value = "贴片电阻"; VariantName = "[No Variations]"
Add component (AddParameter): Name = "学习资源"; Value = "www.ooocke.com"; VariantName = "[No Variations]"
Add component (AddParameter): Name = "版权归属"; Value = "源创客"; VariantName = "[No Variations]"
Added Component: Designator=R17(R 0603_M)
Add component. Clean all parameters for all variants
Add component (AddParameter): Name = "BOM名称"; Value = "贴片电阻"; VariantName = "[No Variations]"
Add component (AddParameter): Name = "学习资源"; Value = "www.ooocke.com"; VariantName = "[No Variations]"
Add component (AddParameter): Name = "版权归属"; Value = "源创客"; VariantName = "[No Variations]"
Added Component: Designator=R18(R 0603_M)
Add component. Clean all parameters for all variants
Add component (AddParameter): Name = "BOM名称"; Value = "贴片电阻"; VariantName = "[No Variations]"
Add component (AddParameter): Name = "学习资源"; Value = "www.ooocke.com"; VariantName = "[No Variations]"
Add component (AddParameter): Name = "版权归属"; Value = "源创客"; VariantName = "[No Variations]"
Added Component: Designator=R19(R 0603_M)
Add component. Clean all parameters for all variants
Add component (AddParameter): Name = "BOM名称"; Value = "贴片电阻"; VariantName = "[No Variations]"
Add component (AddParameter): Name = "学习资源"; Value = "www.ooocke.com"; VariantName = "[No Variations]"
Add component (AddParameter): Name = "版权归属"; Value = "源创客"; VariantName = "[No Variations]"
Added Component: Designator=R20(R 0603_M)
Add component. Clean all parameters for all variants
Add component (AddParameter): Name = "BOM名称"; Value = "贴片电阻"; VariantName = "[No Variations]"
Add component (AddParameter): Name = "学习资源"; Value = "www.ooocke.com"; VariantName = "[No Variations]"
Add component (AddParameter): Name = "版权归属"; Value = "源创客"; VariantName = "[No Variations]"
Added Component: Designator=R21(R 0603_M)
Add component. Clean all parameters for all variants
Add component (AddParameter): Name = "BOM名称"; Value = "贴片电阻"; VariantName = "[No Variations]"
Add component (AddParameter): Name = "学习资源"; Value = "www.ooocke.com"; VariantName = "[No Variations]"
Add component (AddParameter): Name = "版权归属"; Value = "源创客"; VariantName = "[No Variations]"
Added Component: Designator=R22(R 0603_M)
Add component. Clean all parameters for all variants
Add component (AddParameter): Name = "BOM名称"; Value = "贴片电阻"; VariantName = "[No Variations]"
Add component (AddParameter): Name = "学习资源"; Value = "www.ooocke.com"; VariantName = "[No Variations]"
Add component (AddParameter): Name = "版权归属"; Value = "源创客"; VariantName = "[No Variations]"
Added Component: Designator=R23(R 0603_M)
Add component. Clean all parameters for all variants
Add component (AddParameter): Name = "BOM名称"; Value = "贴片电阻"; VariantName = "[No Variations]"
Add component (AddParameter): Name = "学习资源"; Value = "www.ooocke.com"; VariantName = "[No Variations]"
Add component (AddParameter): Name = "版权归属"; Value = "源创客"; VariantName = "[No Variations]"
Added Component: Designator=R24(R 0603_M)
Add component. Clean all parameters for all variants
Add component (AddParameter): Name = "BOM名称"; Value = "贴片电阻"; VariantName = "[No Variations]"
Add component (AddParameter): Name = "学习资源"; Value = "www.ooocke.com"; VariantName = "[No Variations]"
Add component (AddParameter): Name = "版权归属"; Value = "源创客"; VariantName = "[No Variations]"
Added Component: Designator=R25(R 0603_M)
Add component. Clean all parameters for all variants
Add component (AddParameter): Name = "BOM名称"; Value = "贴片电阻"; VariantName = "[No Variations]"
Add component (AddParameter): Name = "学习资源"; Value = "www.ooocke.com"; VariantName = "[No Variations]"
Add component (AddParameter): Name = "版权归属"; Value = "源创客"; VariantName = "[No Variations]"
Added Component: Designator=R26(R 0603_M)
Add component. Clean all parameters for all variants
Add component (AddParameter): Name = "BOM名称"; Value = "贴片电阻"; VariantName = "[No Variations]"
Add component (AddParameter): Name = "学习资源"; Value = "www.ooocke.com"; VariantName = "[No Variations]"
Add component (AddParameter): Name = "版权归属"; Value = "源创客"; VariantName = "[No Variations]"
Added Component: Designator=R27(R 0603_M)
Add component. Clean all parameters for all variants
Add component (AddParameter): Name = "BOM名称"; Value = "贴片电阻"; VariantName = "[No Variations]"
Add component (AddParameter): Name = "学习资源"; Value = "www.ooocke.com"; VariantName = "[No Variations]"
Add component (AddParameter): Name = "版权归属"; Value = "源创客"; VariantName = "[No Variations]"
Added Component: Designator=T1(SG24002G)
Add component. Clean all parameters for all variants
Added Component: Designator=T2(SG24002G)
Add component. Clean all parameters for all variants
Added Component: Designator=T3(SG24002G)
Add component. Clean all parameters for all variants
Added Component: Designator=T4(SG24002G)
Add component. Clean all parameters for all variants
Added Component: Designator=T5(SG24002G)
Add component. Clean all parameters for all variants
Added Pin To Net: NetName=GND Pin=C0-1
Added Pin To Net: NetName=NetC0_2 Pin=C0-2
Added Pin To Net: NetName=GND Pin=C1-1
Added Pin To Net: NetName=+3.3 Pin=C1-2
Added Pin To Net: NetName=GND Pin=C6-1
Added Pin To Net: NetName=NetC6_2 Pin=C6-2
Added Pin To Net: NetName=GND Pin=C7-1
Added Pin To Net: NetName=NetC7_2 Pin=C7-2
Added Pin To Net: NetName=GND Pin=C8-1
Added Pin To Net: NetName=NetC8_2 Pin=C8-2
Added Pin To Net: NetName=GND Pin=C9-1
Added Pin To Net: NetName=NetC9_2 Pin=C9-2
Added Pin To Net: NetName=GND Pin=C10-1
Added Pin To Net: NetName=NetC10_2 Pin=C10-2
Added Pin To Net: NetName=GND Pin=C11-1
Added Pin To Net: NetName=NetC11_2 Pin=C11-2
Added Pin To Net: NetName=GND Pin=C12-1
Added Pin To Net: NetName=NetC12_2 Pin=C12-2
Added Pin To Net: NetName=GND Pin=C13-1
Added Pin To Net: NetName=NetC13_2 Pin=C13-2
Added Pin To Net: NetName=GND Pin=C14-1
Added Pin To Net: NetName=NetC14_2 Pin=C14-2
Added Pin To Net: NetName=GND Pin=C15-1
Added Pin To Net: NetName=NetC15_2 Pin=C15-2
Added Pin To Net: NetName=GND Pin=C16-1
Added Pin To Net: NetName=NetC16_2 Pin=C16-2
Added Pin To Net: NetName=GND Pin=C17-1
Added Pin To Net: NetName=NetC17_2 Pin=C17-2
Added Pin To Net: NetName=GND Pin=C18-1
Added Pin To Net: NetName=NetC18_2 Pin=C18-2
Added Pin To Net: NetName=GND Pin=C19-1
Added Pin To Net: NetName=NetC19_2 Pin=C19-2
Added Pin To Net: NetName=GND Pin=C20-1
Added Pin To Net: NetName=NetC20_2 Pin=C20-2
Added Pin To Net: NetName=GND Pin=C21-1
Added Pin To Net: NetName=NetC21_2 Pin=C21-2
Added Pin To Net: NetName=GND Pin=C22-1
Added Pin To Net: NetName=NetC22_2 Pin=C22-2
Added Pin To Net: NetName=GND Pin=C23-1
Added Pin To Net: NetName=NetC23_2 Pin=C23-2
Added Pin To Net: NetName=NetC24_1 Pin=C24-1
Added Pin To Net: NetName=GND Pin=C24-2
Added Pin To Net: NetName=NetC24_1 Pin=C25-1
Added Pin To Net: NetName=GND Pin=C25-2
Added Pin To Net: NetName=GND Pin=C30-1
Added Pin To Net: NetName=NetC30_2 Pin=C30-2
Added Pin To Net: NetName=GND Pin=C31-1
Added Pin To Net: NetName=NetC31_2 Pin=C31-2
Added Pin To Net: NetName=BK1 C\S\ Pin=JP1-1
Added Pin To Net: NetName=BK1 DO(IO1) Pin=JP1-2
Added Pin To Net: NetName=BK1 W\P\(IO2) Pin=JP1-3
Added Pin To Net: NetName=GND Pin=JP1-4
Added Pin To Net: NetName=BK1 DI(IO0) Pin=JP1-5
Added Pin To Net: NetName=BK1 CLK Pin=JP1-6
Added Pin To Net: NetName=BK1 H\O\L\D\(IO3) Pin=JP1-7
Added Pin To Net: NetName=+3.3 Pin=JP1-8
Added Pin To Net: NetName=+5 Pin=JP2-1
Added Pin To Net: NetName=+5 Pin=JP2-2
Added Pin To Net: NetName=+5 Pin=JP2-3
Added Pin To Net: NetName=+5 Pin=JP2-4
Added Pin To Net: NetName=+3.3 Pin=JP2-5
Added Pin To Net: NetName=+3.3 Pin=JP2-6
Added Pin To Net: NetName=TX5 Pin=JP2-7
Added Pin To Net: NetName=RX5 Pin=JP2-8
Added Pin To Net: NetName=TX6 Pin=JP2-9
Added Pin To Net: NetName=RX6 Pin=JP2-10
Added Pin To Net: NetName=TX7 Pin=JP2-11
Added Pin To Net: NetName=RX7 Pin=JP2-12
Added Pin To Net: NetName=PGND Pin=JP2-13
Added Pin To Net: NetName=PGND Pin=JP2-14
Added Pin To Net: NetName=GND Pin=JP2-15
Added Pin To Net: NetName=GND Pin=JP2-16
Added Pin To Net: NetName=GND Pin=JP5-1
Added Pin To Net: NetName=WD_SDA Pin=JP5-2
Added Pin To Net: NetName=WD_SCL Pin=JP5-3
Added Pin To Net: NetName=+5 Pin=JP5-4
Added Pin To Net: NetName=NetJP6_1 Pin=JP6-1
Added Pin To Net: NetName=NetJP6_2 Pin=JP6-2
Added Pin To Net: NetName=NetJP6_3 Pin=JP6-3
Added Pin To Net: NetName=NetJP6_4 Pin=JP6-4
Added Pin To Net: NetName=NetJP6_5 Pin=JP6-5
Added Pin To Net: NetName=NetJP6_6 Pin=JP6-6
Added Pin To Net: NetName=NetJP6_7 Pin=JP6-7
Added Pin To Net: NetName=NetJP6_8 Pin=JP6-8
Added Pin To Net: NetName=NetJP7_1 Pin=JP7-1
Added Pin To Net: NetName=NetJP7_2 Pin=JP7-2
Added Pin To Net: NetName=NetJP7_3 Pin=JP7-3
Added Pin To Net: NetName=NetJP7_4 Pin=JP7-4
Added Pin To Net: NetName=NetJP7_5 Pin=JP7-5
Added Pin To Net: NetName=NetJP7_6 Pin=JP7-6
Added Pin To Net: NetName=NetJP7_7 Pin=JP7-7
Added Pin To Net: NetName=NetJP7_8 Pin=JP7-8
Added Pin To Net: NetName=NetJP8_1 Pin=JP8-1
Added Pin To Net: NetName=NetJP8_2 Pin=JP8-2
Added Pin To Net: NetName=NetJP8_3 Pin=JP8-3
Added Pin To Net: NetName=NetJP8_4 Pin=JP8-4
Added Pin To Net: NetName=NetJP8_5 Pin=JP8-5
Added Pin To Net: NetName=NetJP8_6 Pin=JP8-6
Added Pin To Net: NetName=NetJP8_7 Pin=JP8-7
Added Pin To Net: NetName=NetJP8_8 Pin=JP8-8
Added Pin To Net: NetName=TX8 Pin=JP11-1
Added Pin To Net: NetName=RX8 Pin=JP11-2
Added Pin To Net: NetName=GND Pin=JP11-3
Added Pin To Net: NetName=GND Pin=JP12-1
Added Pin To Net: NetName=NetJP12_2 Pin=JP12-2
Added Pin To Net: NetName=GND Pin=JP13-1
Added Pin To Net: NetName=NetJP12_2 Pin=JP13-2
Added Pin To Net: NetName=+12 Pin=JP17-1
Added Pin To Net: NetName=PGND Pin=JP17-2
Added Pin To Net: NetName=+5 Pin=JP19-1
Added Pin To Net: NetName=GND Pin=JP19-2
Added Pin To Net: NetName=+12 Pin=JP?-1
Added Pin To Net: NetName=PGND Pin=JP?-2
Added Pin To Net: NetName=+12 Pin=JP?-3
Added Pin To Net: NetName=PGND Pin=JP?-4
Added Pin To Net: NetName=+12 Pin=JP?-5
Added Pin To Net: NetName=PGND Pin=JP?-6
Added Pin To Net: NetName=+12 Pin=JP?-7
Added Pin To Net: NetName=PGND Pin=JP?-8
Added Pin To Net: NetName=GND Pin=M1-1
Added Pin To Net: NetName=GND Pin=M1-2
Added Pin To Net: NetName=BK1 DO(IO1) Pin=M1-3
Added Pin To Net: NetName=TX1 Pin=M1-4
Added Pin To Net: NetName=BK1 DI(IO0) Pin=M1-5
Added Pin To Net: NetName=RX5 Pin=M1-8
Added Pin To Net: NetName=TX5 Pin=M1-10
Added Pin To Net: NetName=RX3 Pin=M1-11
Added Pin To Net: NetName=TX3 Pin=M1-12
Added Pin To Net: NetName=RX1 Pin=M1-14
Added Pin To Net: NetName=RX7 Pin=M1-21
Added Pin To Net: NetName=TX7 Pin=M1-22
Added Pin To Net: NetName=BK1 CLK Pin=M1-24
Added Pin To Net: NetName=RX2 Pin=M1-31
Added Pin To Net: NetName=RX4 Pin=M1-33
Added Pin To Net: NetName=TX2 Pin=M1-34
Added Pin To Net: NetName=TX4 Pin=M1-36
Added Pin To Net: NetName=+3.3 Pin=M1-39
Added Pin To Net: NetName=+3.3 Pin=M1-41
Added Pin To Net: NetName=+5 Pin=M1-42
Added Pin To Net: NetName=TX6 Pin=M1-47
Added Pin To Net: NetName=BK1 H\O\L\D\(IO3) Pin=M1-52
Added Pin To Net: NetName=BK1 C\S\ Pin=M1-63
Added Pin To Net: NetName=RX8 Pin=M1-67
Added Pin To Net: NetName=TX8 Pin=M1-68
Added Pin To Net: NetName=BK1 W\P\(IO2) Pin=M1-69
Added Pin To Net: NetName=WD_NRST Pin=M1-71
Added Pin To Net: NetName=RX6 Pin=M1-73
Added Pin To Net: NetName=Water Pin=M1-74
Added Pin To Net: NetName=+3.3 Pin=M2-1
Added Pin To Net: NetName=RX2 Pin=M2-2
Added Pin To Net: NetName=TX2 Pin=M2-3
Added Pin To Net: NetName=GND Pin=M2-4
Added Pin To Net: NetName=+3.3 Pin=M3-1
Added Pin To Net: NetName=RX3 Pin=M3-8
Added Pin To Net: NetName=TX3 Pin=M3-9
Added Pin To Net: NetName=GND Pin=M3-14
Added Pin To Net: NetName=+3.3 Pin=M4-1
Added Pin To Net: NetName=NetC0_2 Pin=M4-17
Added Pin To Net: NetName=+3.3 Pin=M4-18
Added Pin To Net: NetName=GND Pin=M4-19
Added Pin To Net: NetName=GND Pin=M4-20
Added Pin To Net: NetName=RX4 Pin=M4-26
Added Pin To Net: NetName=TX4 Pin=M4-27
Added Pin To Net: NetName=WD_SCL Pin=M4-34
Added Pin To Net: NetName=WD_SDA Pin=M4-35
Added Pin To Net: NetName=+5 Pin=M4-38
Added Pin To Net: NetName=GND Pin=M4-39
Added Pin To Net: NetName=+3.3 Pin=M4-40
Added Pin To Net: NetName=+3.3 Pin=M6-1
Added Pin To Net: NetName=+3.3 Pin=M6-2
Added Pin To Net: NetName=+3.3 Pin=M6-3
Added Pin To Net: NetName=+3.3 Pin=M6-4
Added Pin To Net: NetName=GND Pin=M6-5
Added Pin To Net: NetName=GND Pin=M6-6
Added Pin To Net: NetName=GND Pin=M6-7
Added Pin To Net: NetName=GND Pin=M6-8
Added Pin To Net: NetName=N_TX2 Pin=M6-10
Added Pin To Net: NetName=N_RX2 Pin=M6-11
Added Pin To Net: NetName=N_TX3 Pin=M6-12
Added Pin To Net: NetName=N_RX3 Pin=M6-13
Added Pin To Net: NetName=U2_DP Pin=M6-17
Added Pin To Net: NetName=U2_DM Pin=M6-18
Added Pin To Net: NetName=GND Pin=M6-19
Added Pin To Net: NetName=GND Pin=M6-24
Added Pin To Net: NetName=GND Pin=M6-27
Added Pin To Net: NetName=P0_A_P Pin=M6-28
Added Pin To Net: NetName=P0_A_N Pin=M6-29
Added Pin To Net: NetName=P0_B_P Pin=M6-30
Added Pin To Net: NetName=P0_B_N Pin=M6-31
Added Pin To Net: NetName=P0_C_P Pin=M6-32
Added Pin To Net: NetName=P0_C_N Pin=M6-33
Added Pin To Net: NetName=P0_D_P Pin=M6-34
Added Pin To Net: NetName=P0_D_N Pin=M6-35
Added Pin To Net: NetName=P1_A_P Pin=M6-36
Added Pin To Net: NetName=P1_A_N Pin=M6-37
Added Pin To Net: NetName=P1_B_P Pin=M6-38
Added Pin To Net: NetName=P1_B_N Pin=M6-39
Added Pin To Net: NetName=P1_C_P Pin=M6-40
Added Pin To Net: NetName=P1_C_N Pin=M6-41
Added Pin To Net: NetName=P1_D_P Pin=M6-42
Added Pin To Net: NetName=P1_D_N Pin=M6-43
Added Pin To Net: NetName=GND Pin=M6-44
Added Pin To Net: NetName=P2_A_P Pin=M6-45
Added Pin To Net: NetName=P2_A_N Pin=M6-46
Added Pin To Net: NetName=P2_B_P Pin=M6-47
Added Pin To Net: NetName=P2_B_N Pin=M6-48
Added Pin To Net: NetName=P2_C_P Pin=M6-49
Added Pin To Net: NetName=P2_C_N Pin=M6-50
Added Pin To Net: NetName=P2_D_P Pin=M6-51
Added Pin To Net: NetName=P2_D_N Pin=M6-52
Added Pin To Net: NetName=GND Pin=M6-53
Added Pin To Net: NetName=P3_A_P Pin=M6-54
Added Pin To Net: NetName=P3_A_N Pin=M6-55
Added Pin To Net: NetName=P3_B_P Pin=M6-56
Added Pin To Net: NetName=P3_B_P Pin=M6-56
Added Pin To Net: NetName=P3_B_N Pin=M6-57
Added Pin To Net: NetName=P3_C_P Pin=M6-58
Added Pin To Net: NetName=P3_C_N Pin=M6-59
Added Pin To Net: NetName=P3_D_P Pin=M6-60
Added Pin To Net: NetName=P3_D_N Pin=M6-61
Added Pin To Net: NetName=GND Pin=M6-62
Added Pin To Net: NetName=P4_A_P Pin=M6-63
Added Pin To Net: NetName=P4_A_N Pin=M6-64
Added Pin To Net: NetName=P4_B_P Pin=M6-65
Added Pin To Net: NetName=P4_B_N Pin=M6-66
Added Pin To Net: NetName=P4_C_P Pin=M6-67
Added Pin To Net: NetName=P4_C_N Pin=M6-68
Added Pin To Net: NetName=P4_D_P Pin=M6-69
Added Pin To Net: NetName=P4_D_N Pin=M6-70
Added Pin To Net: NetName=GND Pin=M6-92
Added Pin To Net: NetName=TX1 Pin=M6-93
Added Pin To Net: NetName=RX1 Pin=M6-94
Added Pin To Net: NetName=GND Pin=M6-119
Added Pin To Net: NetName=GND Pin=M6-125
Added Pin To Net: NetName=+5 Pin=M7-1
Added Pin To Net: NetName=GND Pin=M7-2
Added Pin To Net: NetName=+3.3 Pin=M7-3
Added Pin To Net: NetName=+12 Pin=M7-4
Added Pin To Net: NetName=PGND Pin=M7-5
Added Pin To Net: NetName=NetQ1_1 Pin=Q1-1
Added Pin To Net: NetName=+3.3 Pin=Q1-2
Added Pin To Net: NetName=Water Pin=Q1-3
Added Pin To Net: NetName=NetC0_2 Pin=R1-1
Added Pin To Net: NetName=+3.3 Pin=R1-2
Added Pin To Net: NetName=WD_NRST Pin=R2-1
Added Pin To Net: NetName=NetC0_2 Pin=R2-2
Added Pin To Net: NetName=NetR4_1 Pin=R4-1
Added Pin To Net: NetName=NetC24_1 Pin=R4-2
Added Pin To Net: NetName=NetR5_1 Pin=R5-1
Added Pin To Net: NetName=NetC24_1 Pin=R5-2
Added Pin To Net: NetName=NetR6_1 Pin=R6-1
Added Pin To Net: NetName=NetC24_1 Pin=R6-2
Added Pin To Net: NetName=NetR7_1 Pin=R7-1
Added Pin To Net: NetName=NetC24_1 Pin=R7-2
Added Pin To Net: NetName=NetR8_1 Pin=R8-1
Added Pin To Net: NetName=NetC24_1 Pin=R8-2
Added Pin To Net: NetName=NetR9_1 Pin=R9-1
Added Pin To Net: NetName=NetC24_1 Pin=R9-2
Added Pin To Net: NetName=NetR10_1 Pin=R10-1
Added Pin To Net: NetName=NetC24_1 Pin=R10-2
Added Pin To Net: NetName=NetR11_1 Pin=R11-1
Added Pin To Net: NetName=NetC24_1 Pin=R11-2
Added Pin To Net: NetName=NetR12_1 Pin=R12-1
Added Pin To Net: NetName=NetR13_1 Pin=R13-1
Added Pin To Net: NetName=NetR14_1 Pin=R14-1
Added Pin To Net: NetName=NetR15_1 Pin=R15-1
Added Pin To Net: NetName=NetR16_1 Pin=R16-1
Added Pin To Net: NetName=NetR17_1 Pin=R17-1
Added Pin To Net: NetName=NetR18_1 Pin=R18-1
Added Pin To Net: NetName=NetR19_1 Pin=R19-1
Added Pin To Net: NetName=NetR20_1 Pin=R20-1
Added Pin To Net: NetName=NetR21_1 Pin=R21-1
Added Pin To Net: NetName=NetR22_1 Pin=R22-1
Added Pin To Net: NetName=NetR23_1 Pin=R23-1
Added Pin To Net: NetName=+3.3 Pin=R24-1
Added Pin To Net: NetName=NetQ1_1 Pin=R24-2
Added Pin To Net: NetName=NetQ1_1 Pin=R25-1
Added Pin To Net: NetName=NetJP12_2 Pin=R25-2
Added Pin To Net: NetName=GND Pin=R26-1
Added Pin To Net: NetName=Water Pin=R26-2
Added Pin To Net: NetName=Water Pin=R27-1
Added Pin To Net: NetName=GND Pin=R27-2
Added Pin To Net: NetName=NetC30_2 Pin=T1-1
Added Pin To Net: NetName=P0_A_P Pin=T1-2
Added Pin To Net: NetName=P0_A_N Pin=T1-3
Added Pin To Net: NetName=NetC31_2 Pin=T1-4
Added Pin To Net: NetName=P0_B_P Pin=T1-5
Added Pin To Net: NetName=P0_B_N Pin=T1-6
Added Pin To Net: NetName=NetC6_2 Pin=T1-7
Added Pin To Net: NetName=P0_C_P Pin=T1-8
Added Pin To Net: NetName=P0_C_N Pin=T1-9
Added Pin To Net: NetName=NetC7_2 Pin=T1-10
Added Pin To Net: NetName=P0_D_P Pin=T1-11
Added Pin To Net: NetName=P0_D_N Pin=T1-12
Added Pin To Net: NetName=NetJP6_7 Pin=T1-13
Added Pin To Net: NetName=NetJP6_5 Pin=T1-14
Added Pin To Net: NetName=NetR7_1 Pin=T1-15
Added Pin To Net: NetName=NetJP6_3 Pin=T1-16
Added Pin To Net: NetName=NetJP6_1 Pin=T1-17
Added Pin To Net: NetName=NetR6_1 Pin=T1-18
Added Pin To Net: NetName=NetJP6_8 Pin=T1-19
Added Pin To Net: NetName=NetJP6_6 Pin=T1-20
Added Pin To Net: NetName=NetR5_1 Pin=T1-21
Added Pin To Net: NetName=NetJP6_4 Pin=T1-22
Added Pin To Net: NetName=NetJP6_2 Pin=T1-23
Added Pin To Net: NetName=NetR4_1 Pin=T1-24
Added Pin To Net: NetName=NetC8_2 Pin=T2-1
Added Pin To Net: NetName=P1_A_P Pin=T2-2
Added Pin To Net: NetName=P1_A_N Pin=T2-3
Added Pin To Net: NetName=NetC9_2 Pin=T2-4
Added Pin To Net: NetName=P1_B_P Pin=T2-5
Added Pin To Net: NetName=P1_B_N Pin=T2-6
Added Pin To Net: NetName=NetC10_2 Pin=T2-7
Added Pin To Net: NetName=P1_C_P Pin=T2-8
Added Pin To Net: NetName=P1_C_N Pin=T2-9
Added Pin To Net: NetName=NetC11_2 Pin=T2-10
Added Pin To Net: NetName=P1_D_P Pin=T2-11
Added Pin To Net: NetName=P1_D_N Pin=T2-12
Added Pin To Net: NetName=NetJP7_7 Pin=T2-13
Added Pin To Net: NetName=NetJP7_5 Pin=T2-14
Added Pin To Net: NetName=NetR11_1 Pin=T2-15
Added Pin To Net: NetName=NetJP7_3 Pin=T2-16
Added Pin To Net: NetName=NetJP7_1 Pin=T2-17
Added Pin To Net: NetName=NetR10_1 Pin=T2-18
Added Pin To Net: NetName=NetJP7_8 Pin=T2-19
Added Pin To Net: NetName=NetJP7_6 Pin=T2-20
Added Pin To Net: NetName=NetR9_1 Pin=T2-21
Added Pin To Net: NetName=NetJP7_4 Pin=T2-22
Added Pin To Net: NetName=NetJP7_2 Pin=T2-23
Added Pin To Net: NetName=NetR8_1 Pin=T2-24
Added Pin To Net: NetName=NetC12_2 Pin=T3-1
Added Pin To Net: NetName=P2_A_P Pin=T3-2
Added Pin To Net: NetName=P2_A_N Pin=T3-3
Added Pin To Net: NetName=NetC13_2 Pin=T3-4
Added Pin To Net: NetName=P2_B_P Pin=T3-5
Added Pin To Net: NetName=P2_B_N Pin=T3-6
Added Pin To Net: NetName=NetC14_2 Pin=T3-7
Added Pin To Net: NetName=P2_C_P Pin=T3-8
Added Pin To Net: NetName=P2_C_N Pin=T3-9
Added Pin To Net: NetName=NetC15_2 Pin=T3-10
Added Pin To Net: NetName=P2_D_P Pin=T3-11
Added Pin To Net: NetName=P2_D_N Pin=T3-12
Added Pin To Net: NetName=NetJP8_7 Pin=T3-13
Added Pin To Net: NetName=NetJP8_5 Pin=T3-14
Added Pin To Net: NetName=NetR15_1 Pin=T3-15
Added Pin To Net: NetName=NetJP8_3 Pin=T3-16
Added Pin To Net: NetName=NetJP8_1 Pin=T3-17
Added Pin To Net: NetName=NetR14_1 Pin=T3-18
Added Pin To Net: NetName=NetJP8_8 Pin=T3-19
Added Pin To Net: NetName=NetJP8_6 Pin=T3-20
Added Pin To Net: NetName=NetR13_1 Pin=T3-21
Added Pin To Net: NetName=NetJP8_4 Pin=T3-22
Added Pin To Net: NetName=NetJP8_2 Pin=T3-23
Added Pin To Net: NetName=NetR12_1 Pin=T3-24
Added Pin To Net: NetName=NetC16_2 Pin=T4-1
Added Pin To Net: NetName=P3_A_P Pin=T4-2
Added Pin To Net: NetName=P3_A_N Pin=T4-3
Added Pin To Net: NetName=NetC17_2 Pin=T4-4
Added Pin To Net: NetName=P3_B_P Pin=T4-5
Added Pin To Net: NetName=P3_B_N Pin=T4-6
Added Pin To Net: NetName=NetC18_2 Pin=T4-7
Added Pin To Net: NetName=P3_C_P Pin=T4-8
Added Pin To Net: NetName=P3_C_N Pin=T4-9
Added Pin To Net: NetName=NetC19_2 Pin=T4-10
Added Pin To Net: NetName=P3_D_P Pin=T4-11
Added Pin To Net: NetName=P3_D_N Pin=T4-12
Added Pin To Net: NetName=NetR19_1 Pin=T4-15
Added Pin To Net: NetName=NetR18_1 Pin=T4-18
Added Pin To Net: NetName=NetR17_1 Pin=T4-21
Added Pin To Net: NetName=NetR16_1 Pin=T4-24
Added Pin To Net: NetName=NetC20_2 Pin=T5-1
Added Pin To Net: NetName=P4_A_P Pin=T5-2
Added Pin To Net: NetName=P4_A_N Pin=T5-3
Added Pin To Net: NetName=NetC21_2 Pin=T5-4
Added Pin To Net: NetName=P4_B_P Pin=T5-5
Added Pin To Net: NetName=P4_B_N Pin=T5-6
Added Pin To Net: NetName=NetC22_2 Pin=T5-7
Added Pin To Net: NetName=P4_C_P Pin=T5-8
Added Pin To Net: NetName=P4_C_N Pin=T5-9
Added Pin To Net: NetName=NetC23_2 Pin=T5-10
Added Pin To Net: NetName=P4_D_P Pin=T5-11
Added Pin To Net: NetName=P4_D_N Pin=T5-12
Added Pin To Net: NetName=NetR23_1 Pin=T5-15
Added Pin To Net: NetName=NetR22_1 Pin=T5-18
Added Pin To Net: NetName=NetR21_1 Pin=T5-21
Added Pin To Net: NetName=NetR20_1 Pin=T5-24
Added Pin To Net: NetName=NetJP3_1 Pin=JP3-1
Added Pin To Net: NetName=NetJP3_1 Pin=T4-17
Added Net: Name=NetJP3_1
Added Pin To Net: NetName=NetJP3_2 Pin=JP3-2
Added Pin To Net: NetName=NetJP3_2 Pin=T4-23
Added Net: Name=NetJP3_2
Added Pin To Net: NetName=NetJP3_3 Pin=JP3-3
Added Pin To Net: NetName=NetJP3_3 Pin=T4-16
Added Net: Name=NetJP3_3
Added Pin To Net: NetName=NetJP3_4 Pin=JP3-4
Added Pin To Net: NetName=NetJP3_4 Pin=T4-22
Added Net: Name=NetJP3_4
Added Pin To Net: NetName=NetJP3_5 Pin=JP3-5
Added Pin To Net: NetName=NetJP3_5 Pin=T4-14
Added Net: Name=NetJP3_5
Added Pin To Net: NetName=NetJP3_6 Pin=JP3-6
Added Pin To Net: NetName=NetJP3_6 Pin=T4-20
Added Net: Name=NetJP3_6
Added Pin To Net: NetName=NetJP3_7 Pin=JP3-7
Added Pin To Net: NetName=NetJP3_7 Pin=T4-13
Added Net: Name=NetJP3_7
Added Pin To Net: NetName=NetJP3_8 Pin=JP3-8
Added Pin To Net: NetName=NetJP3_8 Pin=T4-19
Added Net: Name=NetJP3_8
Added Pin To Net: NetName=NetJP3_9 Pin=JP3-9
Added Pin To Net: NetName=NetJP3_9 Pin=T5-17
Added Net: Name=NetJP3_9
Added Pin To Net: NetName=NetJP3_10 Pin=JP3-10
Added Pin To Net: NetName=NetJP3_10 Pin=T5-23
Added Net: Name=NetJP3_10
Added Pin To Net: NetName=NetJP3_11 Pin=JP3-11
Added Pin To Net: NetName=NetJP3_11 Pin=T5-16
Added Net: Name=NetJP3_11
Added Pin To Net: NetName=NetJP3_12 Pin=JP3-12
Added Pin To Net: NetName=NetJP3_12 Pin=T5-22
Added Net: Name=NetJP3_12
Added Pin To Net: NetName=NetJP3_13 Pin=JP3-13
Added Pin To Net: NetName=NetJP3_13 Pin=T5-14
Added Net: Name=NetJP3_13
Added Pin To Net: NetName=NetJP3_14 Pin=JP3-14
Added Pin To Net: NetName=NetJP3_14 Pin=T5-20
Added Net: Name=NetJP3_14
Added Pin To Net: NetName=NetJP3_15 Pin=JP3-15
Added Pin To Net: NetName=NetJP3_15 Pin=T5-13
Added Net: Name=NetJP3_15
Added Pin To Net: NetName=NetJP3_16 Pin=JP3-16
Added Pin To Net: NetName=NetJP3_16 Pin=T5-19
Added Net: Name=NetJP3_16
Added Pin To Net: NetName=NetR12_2 Pin=R12-2
Added Pin To Net: NetName=NetR12_2 Pin=R13-2
Added Pin To Net: NetName=NetR12_2 Pin=R14-2
Added Pin To Net: NetName=NetR12_2 Pin=R15-2
Added Pin To Net: NetName=NetR12_2 Pin=R16-2
Added Pin To Net: NetName=NetR12_2 Pin=R17-2
Added Pin To Net: NetName=NetR12_2 Pin=R18-2
Added Pin To Net: NetName=NetR12_2 Pin=R19-2
Added Pin To Net: NetName=NetR12_2 Pin=R20-2
Added Pin To Net: NetName=NetR12_2 Pin=R21-2
Added Pin To Net: NetName=NetR12_2 Pin=R22-2
Added Pin To Net: NetName=NetR12_2 Pin=R23-2
Added Net: Name=NetR12_2
Added Member To Class: ClassName=PRO1 Member=Component C0 0.01uF
Added Member To Class: ClassName=PRO1 Member=Component C1 0.1uF
Added Member To Class: ClassName=PRO2 Member=Component C6 0.1u
Added Member To Class: ClassName=PRO2 Member=Component C7 0.1u
Added Member To Class: ClassName=PRO2 Member=Component C8 0.1u
Added Member To Class: ClassName=PRO2 Member=Component C9 0.1u
Added Member To Class: ClassName=PRO2 Member=Component C10 0.1u
Added Member To Class: ClassName=PRO2 Member=Component C11 0.1u
Added Member To Class: ClassName=PRO2 Member=Component C12 0.1u
Added Member To Class: ClassName=PRO2 Member=Component C13 0.1u
Added Member To Class: ClassName=PRO2 Member=Component C14 0.1u
Added Member To Class: ClassName=PRO2 Member=Component C15 0.1u
Added Member To Class: ClassName=PRO2 Member=Component C16 0.1u
Added Member To Class: ClassName=PRO2 Member=Component C17 0.1u
Added Member To Class: ClassName=PRO2 Member=Component C18 0.1u
Added Member To Class: ClassName=PRO2 Member=Component C19 0.1u
Added Member To Class: ClassName=PRO2 Member=Component C20 0.1u
Added Member To Class: ClassName=PRO2 Member=Component C21 0.1u
Added Member To Class: ClassName=PRO2 Member=Component C22 0.1u
Added Member To Class: ClassName=PRO2 Member=Component C23 0.1u
Added Member To Class: ClassName=PRO2 Member=Component C24 0.01u
Added Member To Class: ClassName=PRO2 Member=Component C25 0.01u
Added Member To Class: ClassName=PRO2 Member=Component C30 0.1u
Added Member To Class: ClassName=PRO2 Member=Component C31 0.1u
Added Member To Class: ClassName=PRO1 Member=Component JP1 DIP-8插座
Added Member To Class: ClassName=PRO1 Member=Component JP2 Header 8X2
Added Member To Class: ClassName=PRO2 Member=Component JP3 Header 8X2
Added Member To Class: ClassName=PRO1 Member=Component JP5 HDR-1X4
Added Member To Class: ClassName=PRO2 Member=Component JP6 水面
Added Member To Class: ClassName=PRO2 Member=Component JP7 TX2
Added Member To Class: ClassName=PRO2 Member=Component JP8 预留
Added Member To Class: ClassName=PRO1 Member=Component JP11 HDR-1X3
Added Member To Class: ClassName=PRO1 Member=Component JP12 HDR-1X2
Added Member To Class: ClassName=PRO1 Member=Component JP13 HDR-1X2
Added Member To Class: ClassName=PRO3 Member=Component JP17 HDR-1X2
Added Member To Class: ClassName=PRO3 Member=Component JP19 HDR-1X2
Added Member To Class: ClassName=PRO3 Member=Component JP? HDR-1X8
Added Member To Class: ClassName=PRO1 Member=Component M1 FK750M2-VBT6核心板
Added Member To Class: ClassName=PRO1 Member=Component M2 GY-39
Added Member To Class: ClassName=PRO1 Member=Component M3 WT-931
Added Member To Class: ClassName=PRO1 Member=Component M4 水深解算32
Added Member To Class: ClassName=PRO2 Member=Component M6 HLK7621
Added Member To Class: ClassName=PRO3 Member=Component M7 降压模块
Added Member To Class: ClassName=PRO1 Member=Component Q1 SS8550
Added Member To Class: ClassName=PRO1 Member=Component R1 10K
Added Member To Class: ClassName=PRO1 Member=Component R2 330
Added Member To Class: ClassName=PRO2 Member=Component R4 75
Added Member To Class: ClassName=PRO2 Member=Component R5 75
Added Member To Class: ClassName=PRO2 Member=Component R6 75
Added Member To Class: ClassName=PRO2 Member=Component R7 75
Added Member To Class: ClassName=PRO2 Member=Component R8 75
Added Member To Class: ClassName=PRO2 Member=Component R9 75
Added Member To Class: ClassName=PRO2 Member=Component R10 75
Added Member To Class: ClassName=PRO2 Member=Component R11 75
Added Member To Class: ClassName=PRO2 Member=Component R12 75
Added Member To Class: ClassName=PRO2 Member=Component R13 75
Added Member To Class: ClassName=PRO2 Member=Component R14 75
Added Member To Class: ClassName=PRO2 Member=Component R15 75
Added Member To Class: ClassName=PRO2 Member=Component R16 75
Added Member To Class: ClassName=PRO2 Member=Component R17 75
Added Member To Class: ClassName=PRO2 Member=Component R18 75
Added Member To Class: ClassName=PRO2 Member=Component R19 75
Added Member To Class: ClassName=PRO2 Member=Component R20 75
Added Member To Class: ClassName=PRO2 Member=Component R21 75
Added Member To Class: ClassName=PRO2 Member=Component R22 75
Added Member To Class: ClassName=PRO2 Member=Component R23 75
Added Member To Class: ClassName=PRO1 Member=Component R24 27K
Added Member To Class: ClassName=PRO1 Member=Component R25 1K
Added Member To Class: ClassName=PRO1 Member=Component R26 1K
Added Member To Class: ClassName=PRO1 Member=Component R27 240
Added Member To Class: ClassName=PRO2 Member=Component T1 SG24002G
Added Member To Class: ClassName=PRO2 Member=Component T2 SG24002G
Added Member To Class: ClassName=PRO2 Member=Component T3 SG24002G
Added Member To Class: ClassName=PRO2 Member=Component T4 SG24002G
Added Member To Class: ClassName=PRO2 Member=Component T5 SG24002G
Added Room: Name=PRO1
Added Room: Name=PRO2
Added Room: Name=PRO3
