Change Component Designator: OldDesignator= NewDesignator=LED0_1
Change Component Designator: OldDesignator= NewDesignator=LED0_2
Change Component Designator: OldDesignator= NewDesignator=LED1_1
Change Component Designator: OldDesignator= NewDesignator=LED1_2
Change Component Designator: OldDesignator= NewDesignator=LED2_1
Change Component Designator: OldDesignator= NewDesignator=LED2_2
Change Component Designator: OldDesignator= NewDesignator=LED3_1
Change Component Designator: OldDesignator= NewDesignator=LED3_2
Change Component Designator: OldDesignator= NewDesignator=LED4_1
Change Component Designator: OldDesignator= NewDesignator=LED4_2
Change Component Designator: OldDesignator= NewDesignator=RL0
Change Component Designator: OldDesignator= NewDesignator=RL1
Change Component Designator: OldDesignator= NewDesignator=RL2
Change Component Designator: OldDesignator= NewDesignator=RL3
Change Component Designator: OldDesignator= NewDesignator=RL4
Change Component Designator: OldDesignator= NewDesignator=RL5
Change Component Designator: OldDesignator= NewDesignator=RL6
Change Component Designator: OldDesignator= NewDesignator=RL7
Change Component Designator: OldDesignator= NewDesignator=RL8
Change Component Designator: OldDesignator= NewDesignator=RL9
Change component parameters: Designator = "RL8"; Footprint = "R 0603_M"; UniqueID = "\CVFHZYOL"
Change component parameters. Clean all parameters for all variants
Change component parameters (AddParameter): Name = "BOM名称"; Value = "贴片电阻"; VariantName = "[No Variations]"
Change component parameters (AddParameter): Name = "学习资源"; Value = "www.ooocke.com"; VariantName = "[No Variations]"
Change component parameters (AddParameter): Name = "版权归属"; Value = "源创客"; VariantName = "[No Variations]"
Change component parameters: Designator = "C8"; Footprint = "C 0603_M"; UniqueID = "\XOXUYSSD"
Change component parameters. Clean all parameters for all variants
Change component parameters (AddParameter): Name = "BOM名称"; Value = "无极性贴片电容"; VariantName = "[No Variations]"
Change component parameters (AddParameter): Name = "学习资源"; Value = "www.ooocke.com"; VariantName = "[No Variations]"
Change component parameters (AddParameter): Name = "版权归属"; Value = "源创客"; VariantName = "[No Variations]"
Change component parameters: Designator = "C10"; Footprint = "C 0603_M"; UniqueID = "\TJJYIYXR"
Change component parameters. Clean all parameters for all variants
Change component parameters (AddParameter): Name = "BOM名称"; Value = "无极性贴片电容"; VariantName = "[No Variations]"
Change component parameters (AddParameter): Name = "学习资源"; Value = "www.ooocke.com"; VariantName = "[No Variations]"
Change component parameters (AddParameter): Name = "版权归属"; Value = "源创客"; VariantName = "[No Variations]"
Change component parameters: Designator = "C11"; Footprint = "C 0603_M"; UniqueID = "\CEENVOMW"
Change component parameters. Clean all parameters for all variants
Change component parameters (AddParameter): Name = "BOM名称"; Value = "无极性贴片电容"; VariantName = "[No Variations]"
Change component parameters (AddParameter): Name = "学习资源"; Value = "www.ooocke.com"; VariantName = "[No Variations]"
Change component parameters (AddParameter): Name = "版权归属"; Value = "源创客"; VariantName = "[No Variations]"
Change component parameters: Designator = "C12"; Footprint = "C 0603_M"; UniqueID = "\QRLWTPGX"
Change component parameters. Clean all parameters for all variants
Change component parameters (AddParameter): Name = "BOM名称"; Value = "无极性贴片电容"; VariantName = "[No Variations]"
Change component parameters (AddParameter): Name = "学习资源"; Value = "www.ooocke.com"; VariantName = "[No Variations]"
Change component parameters (AddParameter): Name = "版权归属"; Value = "源创客"; VariantName = "[No Variations]"
Change component parameters: Designator = "C14"; Footprint = "C 0603_M"; UniqueID = "\OATKUNBV"
Change component parameters. Clean all parameters for all variants
Change component parameters (AddParameter): Name = "BOM名称"; Value = "无极性贴片电容"; VariantName = "[No Variations]"
Change component parameters (AddParameter): Name = "学习资源"; Value = "www.ooocke.com"; VariantName = "[No Variations]"
Change component parameters (AddParameter): Name = "版权归属"; Value = "源创客"; VariantName = "[No Variations]"
Change component parameters: Designator = "C15"; Footprint = "C 0603_M"; UniqueID = "\RAAWQFGS"
Change component parameters. Clean all parameters for all variants
Change component parameters (AddParameter): Name = "BOM名称"; Value = "无极性贴片电容"; VariantName = "[No Variations]"
Change component parameters (AddParameter): Name = "学习资源"; Value = "www.ooocke.com"; VariantName = "[No Variations]"
Change component parameters (AddParameter): Name = "版权归属"; Value = "源创客"; VariantName = "[No Variations]"
Change component parameters: Designator = "C16"; Footprint = "C 0603_M"; UniqueID = "\PDDSHWYN"
Change component parameters. Clean all parameters for all variants
Change component parameters (AddParameter): Name = "BOM名称"; Value = "无极性贴片电容"; VariantName = "[No Variations]"
Change component parameters (AddParameter): Name = "学习资源"; Value = "www.ooocke.com"; VariantName = "[No Variations]"
Change component parameters (AddParameter): Name = "版权归属"; Value = "源创客"; VariantName = "[No Variations]"
Change component parameters: Designator = "C17"; Footprint = "C 0603_M"; UniqueID = "\QATQHXFQ"
Change component parameters. Clean all parameters for all variants
Change component parameters (AddParameter): Name = "BOM名称"; Value = "无极性贴片电容"; VariantName = "[No Variations]"
Change component parameters (AddParameter): Name = "学习资源"; Value = "www.ooocke.com"; VariantName = "[No Variations]"
Change component parameters (AddParameter): Name = "版权归属"; Value = "源创客"; VariantName = "[No Variations]"
Change component parameters: Designator = "C19"; Footprint = "C 0603_M"; UniqueID = "\IEWKYKWO"
Change component parameters. Clean all parameters for all variants
Change component parameters (AddParameter): Name = "BOM名称"; Value = "无极性贴片电容"; VariantName = "[No Variations]"
Change component parameters (AddParameter): Name = "学习资源"; Value = "www.ooocke.com"; VariantName = "[No Variations]"
Change component parameters (AddParameter): Name = "版权归属"; Value = "源创客"; VariantName = "[No Variations]"
Change component parameters: Designator = "C20"; Footprint = "C 0603_M"; UniqueID = "\CBRSDPYA"
Change component parameters. Clean all parameters for all variants
Change component parameters (AddParameter): Name = "BOM名称"; Value = "无极性贴片电容"; VariantName = "[No Variations]"
Change component parameters (AddParameter): Name = "学习资源"; Value = "www.ooocke.com"; VariantName = "[No Variations]"
Change component parameters (AddParameter): Name = "版权归属"; Value = "源创客"; VariantName = "[No Variations]"
Change component parameters: Designator = "C21"; Footprint = "C 0603_M"; UniqueID = "\AWKYPNXF"
Change component parameters. Clean all parameters for all variants
Change component parameters (AddParameter): Name = "BOM名称"; Value = "无极性贴片电容"; VariantName = "[No Variations]"
Change component parameters (AddParameter): Name = "学习资源"; Value = "www.ooocke.com"; VariantName = "[No Variations]"
Change component parameters (AddParameter): Name = "版权归属"; Value = "源创客"; VariantName = "[No Variations]"
Change component parameters: Designator = "C22"; Footprint = "C 0603_M"; UniqueID = "\AQSXJLNK"
Change component parameters. Clean all parameters for all variants
Change component parameters (AddParameter): Name = "BOM名称"; Value = "无极性贴片电容"; VariantName = "[No Variations]"
Change component parameters (AddParameter): Name = "学习资源"; Value = "www.ooocke.com"; VariantName = "[No Variations]"
Change component parameters (AddParameter): Name = "版权归属"; Value = "源创客"; VariantName = "[No Variations]"
Change component parameters: Designator = "C23"; Footprint = "C 0603_M"; UniqueID = "\GUMKLEKP"
Change component parameters. Clean all parameters for all variants
Change component parameters (AddParameter): Name = "BOM名称"; Value = "无极性贴片电容"; VariantName = "[No Variations]"
Change component parameters (AddParameter): Name = "学习资源"; Value = "www.ooocke.com"; VariantName = "[No Variations]"
Change component parameters (AddParameter): Name = "版权归属"; Value = "源创客"; VariantName = "[No Variations]"
Change component parameters: Designator = "C24"; Footprint = "C 0603_M"; UniqueID = "\LCDDLEQV"
Change component parameters. Clean all parameters for all variants
Change component parameters (AddParameter): Name = "BOM名称"; Value = "无极性贴片电容"; VariantName = "[No Variations]"
Change component parameters (AddParameter): Name = "学习资源"; Value = "www.ooocke.com"; VariantName = "[No Variations]"
Change component parameters (AddParameter): Name = "版权归属"; Value = "源创客"; VariantName = "[No Variations]"
Change component parameters: Designator = "C25"; Footprint = "C 0603_M"; UniqueID = "\UMFUQWCI"
Change component parameters. Clean all parameters for all variants
Change component parameters (AddParameter): Name = "BOM名称"; Value = "无极性贴片电容"; VariantName = "[No Variations]"
Change component parameters (AddParameter): Name = "学习资源"; Value = "www.ooocke.com"; VariantName = "[No Variations]"
Change component parameters (AddParameter): Name = "版权归属"; Value = "源创客"; VariantName = "[No Variations]"
Change component parameters: Designator = "C31"; Footprint = "C 0603_M"; UniqueID = "\OFKGYJGX"
Change component parameters. Clean all parameters for all variants
Change component parameters (AddParameter): Name = "BOM名称"; Value = "无极性贴片电容"; VariantName = "[No Variations]"
Change component parameters (AddParameter): Name = "学习资源"; Value = "www.ooocke.com"; VariantName = "[No Variations]"
Change component parameters (AddParameter): Name = "版权归属"; Value = "源创客"; VariantName = "[No Variations]"
Added Component: Designator=R3(0603R)
Add component. Clean all parameters for all variants
Added Component: Designator=R28(0603R)
Add component. Clean all parameters for all variants
Added Pin To Net: NetName=+5 Pin=R3-1
Added Pin To Net: NetName=WD_SDA Pin=R3-2
Added Pin To Net: NetName=+5 Pin=R28-1
Added Pin To Net: NetName=WD_SCL Pin=R28-2
Added Member To Class: ClassName=PRO1 Member=Component C0 0.01uF
Added Member To Class: ClassName=PRO1 Member=Component C1 0.1uF
Added Member To Class: ClassName=PRO2 Member=Component C6 0.1u
Added Member To Class: ClassName=PRO2 Member=Component C13 0.1u
Added Member To Class: ClassName=PRO2 Member=Component C18 0.1u
Added Member To Class: ClassName=PRO2 Member=Component LED0_1 白色
Added Member To Class: ClassName=PRO2 Member=Component LED0_2 白色
Added Member To Class: ClassName=PRO2 Member=Component LED1_1 红色
Added Member To Class: ClassName=PRO2 Member=Component LED1_2 红色
Added Member To Class: ClassName=PRO2 Member=Component LED2_1 蓝色
Added Member To Class: ClassName=PRO2 Member=Component LED2_2 蓝色
Added Member To Class: ClassName=PRO2 Member=Component LED3_1 绿色
Added Member To Class: ClassName=PRO2 Member=Component LED3_2 绿色
Added Member To Class: ClassName=PRO2 Member=Component LED4_1 黄色
Added Member To Class: ClassName=PRO2 Member=Component LED4_2 黄色
Added Member To Class: ClassName=PRO1 Member=Component R3 RES
Added Member To Class: ClassName=PRO1 Member=Component R28 RES
Added Member To Class: ClassName=PRO2 Member=Component RL0 4.7K
Added Member To Class: ClassName=PRO2 Member=Component RL1 4.7K
Added Member To Class: ClassName=PRO2 Member=Component RL2 4.7K
Added Member To Class: ClassName=PRO2 Member=Component RL3 4.7K
Added Member To Class: ClassName=PRO2 Member=Component RL4 4.7K
Added Member To Class: ClassName=PRO2 Member=Component RL5 4.7K
Added Member To Class: ClassName=PRO2 Member=Component RL6 4.7K
Added Member To Class: ClassName=PRO2 Member=Component RL7 4.7K
Added Member To Class: ClassName=PRO2 Member=Component RL8 4.7K
Added Member To Class: ClassName=PRO2 Member=Component RL9 4.7K
Added Room: Name=PRO1
Added Room: Name=PRO2
Added Room: Name=PRO3
