Added Component: Designator=C0(C 0603_M)
Add component. Clean all parameters for all variants
Add component (AddParameter): Name = "BOM名称"; Value = "无极性贴片电容"; VariantName = "[No Variations]"
Add component (AddParameter): Name = "学习资源"; Value = "www.ooocke.com"; VariantName = "[No Variations]"
Add component (AddParameter): Name = "版权归属"; Value = "源创客"; VariantName = "[No Variations]"
Added Component: Designator=C1(C 0805_L)
Add component. Clean all parameters for all variants
Add component (AddParameter): Name = "BOM名称"; Value = "无极性贴片电容"; VariantName = "[No Variations]"
Add component (AddParameter): Name = "学习资源"; Value = "www.ooocke.com"; VariantName = "[No Variations]"
Add component (AddParameter): Name = "版权归属"; Value = "源创客"; VariantName = "[No Variations]"
Added Component: Designator=C2(C 0603_M)
Add component. Clean all parameters for all variants
Add component (AddParameter): Name = "BOM名称"; Value = "无极性贴片电容"; VariantName = "[No Variations]"
Add component (AddParameter): Name = "学习资源"; Value = "www.ooocke.com"; VariantName = "[No Variations]"
Add component (AddParameter): Name = "版权归属"; Value = "源创客"; VariantName = "[No Variations]"
Added Component: Designator=C3(C 0603_M)
Add component. Clean all parameters for all variants
Add component (AddParameter): Name = "BOM名称"; Value = "无极性贴片电容"; VariantName = "[No Variations]"
Add component (AddParameter): Name = "学习资源"; Value = "www.ooocke.com"; VariantName = "[No Variations]"
Add component (AddParameter): Name = "版权归属"; Value = "源创客"; VariantName = "[No Variations]"
Added Component: Designator=C4(C 0603_M)
Add component. Clean all parameters for all variants
Add component (AddParameter): Name = "BOM名称"; Value = "无极性贴片电容"; VariantName = "[No Variations]"
Add component (AddParameter): Name = "学习资源"; Value = "www.ooocke.com"; VariantName = "[No Variations]"
Add component (AddParameter): Name = "版权归属"; Value = "源创客"; VariantName = "[No Variations]"
Added Component: Designator=C5(C 0603_M)
Add component. Clean all parameters for all variants
Add component (AddParameter): Name = "BOM名称"; Value = "无极性贴片电容"; VariantName = "[No Variations]"
Add component (AddParameter): Name = "学习资源"; Value = "www.ooocke.com"; VariantName = "[No Variations]"
Add component (AddParameter): Name = "版权归属"; Value = "源创客"; VariantName = "[No Variations]"
Added Component: Designator=C6(C 0603_M)
Add component. Clean all parameters for all variants
Add component (AddParameter): Name = "BOM名称"; Value = "无极性贴片电容"; VariantName = "[No Variations]"
Add component (AddParameter): Name = "学习资源"; Value = "www.ooocke.com"; VariantName = "[No Variations]"
Add component (AddParameter): Name = "版权归属"; Value = "源创客"; VariantName = "[No Variations]"
Added Component: Designator=C7(C 0603_M)
Add component. Clean all parameters for all variants
Add component (AddParameter): Name = "BOM名称"; Value = "无极性贴片电容"; VariantName = "[No Variations]"
Add component (AddParameter): Name = "学习资源"; Value = "www.ooocke.com"; VariantName = "[No Variations]"
Add component (AddParameter): Name = "版权归属"; Value = "源创客"; VariantName = "[No Variations]"
Added Component: Designator=C8(C 0603_M)
Add component. Clean all parameters for all variants
Add component (AddParameter): Name = "BOM名称"; Value = "无极性贴片电容"; VariantName = "[No Variations]"
Add component (AddParameter): Name = "学习资源"; Value = "www.ooocke.com"; VariantName = "[No Variations]"
Add component (AddParameter): Name = "版权归属"; Value = "源创客"; VariantName = "[No Variations]"
Added Component: Designator=C9(C 0603_M)
Add component. Clean all parameters for all variants
Add component (AddParameter): Name = "BOM名称"; Value = "无极性贴片电容"; VariantName = "[No Variations]"
Add component (AddParameter): Name = "学习资源"; Value = "www.ooocke.com"; VariantName = "[No Variations]"
Add component (AddParameter): Name = "版权归属"; Value = "源创客"; VariantName = "[No Variations]"
Added Component: Designator=C10(C 0603_M)
Add component. Clean all parameters for all variants
Add component (AddParameter): Name = "BOM名称"; Value = "无极性贴片电容"; VariantName = "[No Variations]"
Add component (AddParameter): Name = "学习资源"; Value = "www.ooocke.com"; VariantName = "[No Variations]"
Add component (AddParameter): Name = "版权归属"; Value = "源创客"; VariantName = "[No Variations]"
Added Component: Designator=C11(C 0603_M)
Add component. Clean all parameters for all variants
Add component (AddParameter): Name = "BOM名称"; Value = "无极性贴片电容"; VariantName = "[No Variations]"
Add component (AddParameter): Name = "学习资源"; Value = "www.ooocke.com"; VariantName = "[No Variations]"
Add component (AddParameter): Name = "版权归属"; Value = "源创客"; VariantName = "[No Variations]"
Added Component: Designator=C12(C 0603_M)
Add component. Clean all parameters for all variants
Add component (AddParameter): Name = "BOM名称"; Value = "无极性贴片电容"; VariantName = "[No Variations]"
Add component (AddParameter): Name = "学习资源"; Value = "www.ooocke.com"; VariantName = "[No Variations]"
Add component (AddParameter): Name = "版权归属"; Value = "源创客"; VariantName = "[No Variations]"
Added Component: Designator=C13(C 0603_M)
Add component. Clean all parameters for all variants
Add component (AddParameter): Name = "BOM名称"; Value = "无极性贴片电容"; VariantName = "[No Variations]"
Add component (AddParameter): Name = "学习资源"; Value = "www.ooocke.com"; VariantName = "[No Variations]"
Add component (AddParameter): Name = "版权归属"; Value = "源创客"; VariantName = "[No Variations]"
Added Component: Designator=C14(C 0603_M)
Add component. Clean all parameters for all variants
Add component (AddParameter): Name = "BOM名称"; Value = "无极性贴片电容"; VariantName = "[No Variations]"
Add component (AddParameter): Name = "学习资源"; Value = "www.ooocke.com"; VariantName = "[No Variations]"
Add component (AddParameter): Name = "版权归属"; Value = "源创客"; VariantName = "[No Variations]"
Added Component: Designator=C15(C 0603_M)
Add component. Clean all parameters for all variants
Add component (AddParameter): Name = "BOM名称"; Value = "无极性贴片电容"; VariantName = "[No Variations]"
Add component (AddParameter): Name = "学习资源"; Value = "www.ooocke.com"; VariantName = "[No Variations]"
Add component (AddParameter): Name = "版权归属"; Value = "源创客"; VariantName = "[No Variations]"
Added Component: Designator=C16(C 0603_M)
Add component. Clean all parameters for all variants
Add component (AddParameter): Name = "BOM名称"; Value = "无极性贴片电容"; VariantName = "[No Variations]"
Add component (AddParameter): Name = "学习资源"; Value = "www.ooocke.com"; VariantName = "[No Variations]"
Add component (AddParameter): Name = "版权归属"; Value = "源创客"; VariantName = "[No Variations]"
Added Component: Designator=C17(C 0603_M)
Add component. Clean all parameters for all variants
Add component (AddParameter): Name = "BOM名称"; Value = "无极性贴片电容"; VariantName = "[No Variations]"
Add component (AddParameter): Name = "学习资源"; Value = "www.ooocke.com"; VariantName = "[No Variations]"
Add component (AddParameter): Name = "版权归属"; Value = "源创客"; VariantName = "[No Variations]"
Added Component: Designator=C18(C 0603_M)
Add component. Clean all parameters for all variants
Add component (AddParameter): Name = "BOM名称"; Value = "无极性贴片电容"; VariantName = "[No Variations]"
Add component (AddParameter): Name = "学习资源"; Value = "www.ooocke.com"; VariantName = "[No Variations]"
Add component (AddParameter): Name = "版权归属"; Value = "源创客"; VariantName = "[No Variations]"
Added Component: Designator=C19(C 0603_M)
Add component. Clean all parameters for all variants
Add component (AddParameter): Name = "BOM名称"; Value = "无极性贴片电容"; VariantName = "[No Variations]"
Add component (AddParameter): Name = "学习资源"; Value = "www.ooocke.com"; VariantName = "[No Variations]"
Add component (AddParameter): Name = "版权归属"; Value = "源创客"; VariantName = "[No Variations]"
Added Component: Designator=C20(C 0603_M)
Add component. Clean all parameters for all variants
Add component (AddParameter): Name = "BOM名称"; Value = "无极性贴片电容"; VariantName = "[No Variations]"
Add component (AddParameter): Name = "学习资源"; Value = "www.ooocke.com"; VariantName = "[No Variations]"
Add component (AddParameter): Name = "版权归属"; Value = "源创客"; VariantName = "[No Variations]"
Added Component: Designator=C21(C 0603_M)
Add component. Clean all parameters for all variants
Add component (AddParameter): Name = "BOM名称"; Value = "无极性贴片电容"; VariantName = "[No Variations]"
Add component (AddParameter): Name = "学习资源"; Value = "www.ooocke.com"; VariantName = "[No Variations]"
Add component (AddParameter): Name = "版权归属"; Value = "源创客"; VariantName = "[No Variations]"
Added Component: Designator=C22(C 0603_M)
Add component. Clean all parameters for all variants
Add component (AddParameter): Name = "BOM名称"; Value = "无极性贴片电容"; VariantName = "[No Variations]"
Add component (AddParameter): Name = "学习资源"; Value = "www.ooocke.com"; VariantName = "[No Variations]"
Add component (AddParameter): Name = "版权归属"; Value = "源创客"; VariantName = "[No Variations]"
Added Component: Designator=C23(C 0603_M)
Add component. Clean all parameters for all variants
Add component (AddParameter): Name = "BOM名称"; Value = "无极性贴片电容"; VariantName = "[No Variations]"
Add component (AddParameter): Name = "学习资源"; Value = "www.ooocke.com"; VariantName = "[No Variations]"
Add component (AddParameter): Name = "版权归属"; Value = "源创客"; VariantName = "[No Variations]"
Added Component: Designator=C24(C 0603_M)
Add component. Clean all parameters for all variants
Add component (AddParameter): Name = "BOM名称"; Value = "无极性贴片电容"; VariantName = "[No Variations]"
Add component (AddParameter): Name = "学习资源"; Value = "www.ooocke.com"; VariantName = "[No Variations]"
Add component (AddParameter): Name = "版权归属"; Value = "源创客"; VariantName = "[No Variations]"
Added Component: Designator=C25(C 0603_M)
Add component. Clean all parameters for all variants
Add component (AddParameter): Name = "BOM名称"; Value = "无极性贴片电容"; VariantName = "[No Variations]"
Add component (AddParameter): Name = "学习资源"; Value = "www.ooocke.com"; VariantName = "[No Variations]"
Add component (AddParameter): Name = "版权归属"; Value = "源创客"; VariantName = "[No Variations]"
Added Component: Designator=C30(C 0603_M)
Add component. Clean all parameters for all variants
Add component (AddParameter): Name = "BOM名称"; Value = "无极性贴片电容"; VariantName = "[No Variations]"
Add component (AddParameter): Name = "学习资源"; Value = "www.ooocke.com"; VariantName = "[No Variations]"
Add component (AddParameter): Name = "版权归属"; Value = "源创客"; VariantName = "[No Variations]"
Added Component: Designator=C31(C 0603_M)
Add component. Clean all parameters for all variants
Add component (AddParameter): Name = "BOM名称"; Value = "无极性贴片电容"; VariantName = "[No Variations]"
Add component (AddParameter): Name = "学习资源"; Value = "www.ooocke.com"; VariantName = "[No Variations]"
Add component (AddParameter): Name = "版权归属"; Value = "源创客"; VariantName = "[No Variations]"
Added Component: Designator=JP1(DIP-8座)
Add component. Clean all parameters for all variants
Added Component: Designator=JP2(PH2.0-LS-4P)
Add component. Clean all parameters for all variants
Add component (AddParameter): Name = "BOM名称"; Value = "4P接插件"; VariantName = "[No Variations]"
Add component (AddParameter): Name = "学习资源"; Value = "www.ooocke.com"; VariantName = "[No Variations]"
Add component (AddParameter): Name = "版权归属"; Value = "源创客"; VariantName = "[No Variations]"
Added Component: Designator=JP3(PH2.0-LS-4P)
Add component. Clean all parameters for all variants
Add component (AddParameter): Name = "BOM名称"; Value = "4P接插件"; VariantName = "[No Variations]"
Add component (AddParameter): Name = "学习资源"; Value = "www.ooocke.com"; VariantName = "[No Variations]"
Add component (AddParameter): Name = "版权归属"; Value = "源创客"; VariantName = "[No Variations]"
Added Component: Designator=JP4(PH2.0-LS-4P)
Add component. Clean all parameters for all variants
Add component (AddParameter): Name = "BOM名称"; Value = "4P接插件"; VariantName = "[No Variations]"
Add component (AddParameter): Name = "学习资源"; Value = "www.ooocke.com"; VariantName = "[No Variations]"
Add component (AddParameter): Name = "版权归属"; Value = "源创客"; VariantName = "[No Variations]"
Added Component: Designator=JP5(MX 1.25-LS-4P)
Add component. Clean all parameters for all variants
Add component (AddParameter): Name = "BOM名称"; Value = "4P接插件"; VariantName = "[No Variations]"
Add component (AddParameter): Name = "学习资源"; Value = "www.ooocke.com"; VariantName = "[No Variations]"
Add component (AddParameter): Name = "版权归属"; Value = "源创客"; VariantName = "[No Variations]"
Added Component: Designator=JP6(PHB2.0-LI-2x4P)
Add component. Clean all parameters for all variants
Add component (AddParameter): Name = "BOM名称"; Value = "4*2P接插件"; VariantName = "[No Variations]"
Add component (AddParameter): Name = "学习资源"; Value = "www.ooocke.com"; VariantName = "[No Variations]"
Add component (AddParameter): Name = "版权归属"; Value = "源创客"; VariantName = "[No Variations]"
Added Component: Designator=JP7(PHB2.0-LI-2x4P)
Add component. Clean all parameters for all variants
Add component (AddParameter): Name = "BOM名称"; Value = "4*2P接插件"; VariantName = "[No Variations]"
Add component (AddParameter): Name = "学习资源"; Value = "www.ooocke.com"; VariantName = "[No Variations]"
Add component (AddParameter): Name = "版权归属"; Value = "源创客"; VariantName = "[No Variations]"
Added Component: Designator=JP8(PHB2.0-LI-2x4P)
Add component. Clean all parameters for all variants
Add component (AddParameter): Name = "BOM名称"; Value = "4*2P接插件"; VariantName = "[No Variations]"
Add component (AddParameter): Name = "学习资源"; Value = "www.ooocke.com"; VariantName = "[No Variations]"
Add component (AddParameter): Name = "版权归属"; Value = "源创客"; VariantName = "[No Variations]"
Added Component: Designator=JP9(PHB2.0-LI-2x4P)
Add component. Clean all parameters for all variants
Add component (AddParameter): Name = "BOM名称"; Value = "4*2P接插件"; VariantName = "[No Variations]"
Add component (AddParameter): Name = "学习资源"; Value = "www.ooocke.com"; VariantName = "[No Variations]"
Add component (AddParameter): Name = "版权归属"; Value = "源创客"; VariantName = "[No Variations]"
Added Component: Designator=JP10(PHB2.0-LI-2x4P)
Add component. Clean all parameters for all variants
Add component (AddParameter): Name = "BOM名称"; Value = "4*2P接插件"; VariantName = "[No Variations]"
Add component (AddParameter): Name = "学习资源"; Value = "www.ooocke.com"; VariantName = "[No Variations]"
Add component (AddParameter): Name = "版权归属"; Value = "源创客"; VariantName = "[No Variations]"
Added Component: Designator=JP11(PH2.0-WI-3P)
Add component. Clean all parameters for all variants
Add component (AddParameter): Name = "BOM名称"; Value = "3P接插件"; VariantName = "[No Variations]"
Add component (AddParameter): Name = "学习资源"; Value = "www.ooocke.com"; VariantName = "[No Variations]"
Add component (AddParameter): Name = "版权归属"; Value = "源创客"; VariantName = "[No Variations]"
Added Component: Designator=JP12(MX 1.25-WI-2P)
Add component. Clean all parameters for all variants
Add component (AddParameter): Name = "BOM名称"; Value = "2P接插件"; VariantName = "[No Variations]"
Add component (AddParameter): Name = "学习资源"; Value = "www.ooocke.com"; VariantName = "[No Variations]"
Add component (AddParameter): Name = "版权归属"; Value = "源创客"; VariantName = "[No Variations]"
Added Component: Designator=JP13(MX 1.25-WI-2P)
Add component. Clean all parameters for all variants
Add component (AddParameter): Name = "BOM名称"; Value = "2P接插件"; VariantName = "[No Variations]"
Add component (AddParameter): Name = "学习资源"; Value = "www.ooocke.com"; VariantName = "[No Variations]"
Add component (AddParameter): Name = "版权归属"; Value = "源创客"; VariantName = "[No Variations]"
Added Component: Designator=JP14(PH2.0-LS-4P)
Add component. Clean all parameters for all variants
Add component (AddParameter): Name = "BOM名称"; Value = "4P接插件"; VariantName = "[No Variations]"
Add component (AddParameter): Name = "学习资源"; Value = "www.ooocke.com"; VariantName = "[No Variations]"
Add component (AddParameter): Name = "版权归属"; Value = "源创客"; VariantName = "[No Variations]"
Added Component: Designator=JP15(HDR2.54-LI-2x4P)
Add component. Clean all parameters for all variants
Add component (AddParameter): Name = "BOM名称"; Value = "4*2P接插件"; VariantName = "[No Variations]"
Add component (AddParameter): Name = "学习资源"; Value = "www.ooocke.com"; VariantName = "[No Variations]"
Add component (AddParameter): Name = "版权归属"; Value = "源创客"; VariantName = "[No Variations]"
Added Component: Designator=JP16(HDR2.54-LI-2x4P)
Add component. Clean all parameters for all variants
Add component (AddParameter): Name = "BOM名称"; Value = "4*2P接插件"; VariantName = "[No Variations]"
Add component (AddParameter): Name = "学习资源"; Value = "www.ooocke.com"; VariantName = "[No Variations]"
Add component (AddParameter): Name = "版权归属"; Value = "源创客"; VariantName = "[No Variations]"
Added Component: Designator=JP17(KF2EDGK5.08-LI-2P)
Add component. Clean all parameters for all variants
Add component (AddParameter): Name = "BOM名称"; Value = "2P接插件"; VariantName = "[No Variations]"
Add component (AddParameter): Name = "学习资源"; Value = "www.ooocke.com"; VariantName = "[No Variations]"
Add component (AddParameter): Name = "版权归属"; Value = "源创客"; VariantName = "[No Variations]"
Added Component: Designator=JP18(KF128-5.08-6P)
Add component. Clean all parameters for all variants
Add component (AddParameter): Name = "BOM名称"; Value = "6P接插件"; VariantName = "[No Variations]"
Add component (AddParameter): Name = "学习资源"; Value = "www.ooocke.com"; VariantName = "[No Variations]"
Add component (AddParameter): Name = "版权归属"; Value = "源创客"; VariantName = "[No Variations]"
Added Component: Designator=JP19(KF128-5.08-2P)
Add component. Clean all parameters for all variants
Add component (AddParameter): Name = "BOM名称"; Value = "2P接插件"; VariantName = "[No Variations]"
Add component (AddParameter): Name = "学习资源"; Value = "www.ooocke.com"; VariantName = "[No Variations]"
Add component (AddParameter): Name = "版权归属"; Value = "源创客"; VariantName = "[No Variations]"
Added Component: Designator=M1(FK750M2-VBT6(精简版))
Add component. Clean all parameters for all variants
Added Component: Designator=M3(WT-931)
Add component. Clean all parameters for all variants
Added Component: Designator=M4(Deep_32)
Add component. Clean all parameters for all variants
Added Component: Designator=M5(7840)
Add component. Clean all parameters for all variants
Added Component: Designator=M6(HLK7621)
Add component. Clean all parameters for all variants
Added Component: Designator=M7(一号电压板)
Add component. Clean all parameters for all variants
Added Component: Designator=Q1(SOT23-3M)
Add component. Clean all parameters for all variants
Add component (AddParameter): Name = "BOM名称"; Value = "高频放大-PNP型"; VariantName = "[No Variations]"
Add component (AddParameter): Name = "学习资源"; Value = "www.ooocke.com"; VariantName = "[No Variations]"
Add component (AddParameter): Name = "属性"; Value = "40V 1.5A 1W 100MHZ"; VariantName = "[No Variations]"
Add component (AddParameter): Name = "版权归属"; Value = "源创客"; VariantName = "[No Variations]"
Added Component: Designator=R1(R 0603_M)
Add component. Clean all parameters for all variants
Add component (AddParameter): Name = "BOM名称"; Value = "贴片电阻"; VariantName = "[No Variations]"
Add component (AddParameter): Name = "学习资源"; Value = "www.ooocke.com"; VariantName = "[No Variations]"
Add component (AddParameter): Name = "版权归属"; Value = "源创客"; VariantName = "[No Variations]"
Added Component: Designator=R2(R 0805_L)
Add component. Clean all parameters for all variants
Add component (AddParameter): Name = "BOM名称"; Value = "贴片电阻"; VariantName = "[No Variations]"
Add component (AddParameter): Name = "学习资源"; Value = "www.ooocke.com"; VariantName = "[No Variations]"
Add component (AddParameter): Name = "版权归属"; Value = "源创客"; VariantName = "[No Variations]"
Added Component: Designator=R3(R 0603_M)
Add component. Clean all parameters for all variants
Add component (AddParameter): Name = "BOM名称"; Value = "贴片电阻"; VariantName = "[No Variations]"
Add component (AddParameter): Name = "学习资源"; Value = "www.ooocke.com"; VariantName = "[No Variations]"
Add component (AddParameter): Name = "版权归属"; Value = "源创客"; VariantName = "[No Variations]"
Added Component: Designator=R4(R 0603_M)
Add component. Clean all parameters for all variants
Add component (AddParameter): Name = "BOM名称"; Value = "贴片电阻"; VariantName = "[No Variations]"
Add component (AddParameter): Name = "学习资源"; Value = "www.ooocke.com"; VariantName = "[No Variations]"
Add component (AddParameter): Name = "版权归属"; Value = "源创客"; VariantName = "[No Variations]"
Added Component: Designator=R5(R 0603_M)
Add component. Clean all parameters for all variants
Add component (AddParameter): Name = "BOM名称"; Value = "贴片电阻"; VariantName = "[No Variations]"
Add component (AddParameter): Name = "学习资源"; Value = "www.ooocke.com"; VariantName = "[No Variations]"
Add component (AddParameter): Name = "版权归属"; Value = "源创客"; VariantName = "[No Variations]"
Added Component: Designator=R6(R 0603_M)
Add component. Clean all parameters for all variants
Add component (AddParameter): Name = "BOM名称"; Value = "贴片电阻"; VariantName = "[No Variations]"
Add component (AddParameter): Name = "学习资源"; Value = "www.ooocke.com"; VariantName = "[No Variations]"
Add component (AddParameter): Name = "版权归属"; Value = "源创客"; VariantName = "[No Variations]"
Added Component: Designator=R7(R 0603_M)
Add component. Clean all parameters for all variants
Add component (AddParameter): Name = "BOM名称"; Value = "贴片电阻"; VariantName = "[No Variations]"
Add component (AddParameter): Name = "学习资源"; Value = "www.ooocke.com"; VariantName = "[No Variations]"
Add component (AddParameter): Name = "版权归属"; Value = "源创客"; VariantName = "[No Variations]"
Added Component: Designator=R8(R 0603_M)
Add component. Clean all parameters for all variants
Add component (AddParameter): Name = "BOM名称"; Value = "贴片电阻"; VariantName = "[No Variations]"
Add component (AddParameter): Name = "学习资源"; Value = "www.ooocke.com"; VariantName = "[No Variations]"
Add component (AddParameter): Name = "版权归属"; Value = "源创客"; VariantName = "[No Variations]"
Added Component: Designator=R9(R 0603_M)
Add component. Clean all parameters for all variants
Add component (AddParameter): Name = "BOM名称"; Value = "贴片电阻"; VariantName = "[No Variations]"
Add component (AddParameter): Name = "学习资源"; Value = "www.ooocke.com"; VariantName = "[No Variations]"
Add component (AddParameter): Name = "版权归属"; Value = "源创客"; VariantName = "[No Variations]"
Added Component: Designator=R10(R 0603_M)
Add component. Clean all parameters for all variants
Add component (AddParameter): Name = "BOM名称"; Value = "贴片电阻"; VariantName = "[No Variations]"
Add component (AddParameter): Name = "学习资源"; Value = "www.ooocke.com"; VariantName = "[No Variations]"
Add component (AddParameter): Name = "版权归属"; Value = "源创客"; VariantName = "[No Variations]"
Added Component: Designator=R11(R 0603_M)
Add component. Clean all parameters for all variants
Add component (AddParameter): Name = "BOM名称"; Value = "贴片电阻"; VariantName = "[No Variations]"
Add component (AddParameter): Name = "学习资源"; Value = "www.ooocke.com"; VariantName = "[No Variations]"
Add component (AddParameter): Name = "版权归属"; Value = "源创客"; VariantName = "[No Variations]"
Added Component: Designator=R12(R 0603_M)
Add component. Clean all parameters for all variants
Add component (AddParameter): Name = "BOM名称"; Value = "贴片电阻"; VariantName = "[No Variations]"
Add component (AddParameter): Name = "学习资源"; Value = "www.ooocke.com"; VariantName = "[No Variations]"
Add component (AddParameter): Name = "版权归属"; Value = "源创客"; VariantName = "[No Variations]"
Added Component: Designator=R13(R 0603_M)
Add component. Clean all parameters for all variants
Add component (AddParameter): Name = "BOM名称"; Value = "贴片电阻"; VariantName = "[No Variations]"
Add component (AddParameter): Name = "学习资源"; Value = "www.ooocke.com"; VariantName = "[No Variations]"
Add component (AddParameter): Name = "版权归属"; Value = "源创客"; VariantName = "[No Variations]"
Added Component: Designator=R14(R 0603_M)
Add component. Clean all parameters for all variants
Add component (AddParameter): Name = "BOM名称"; Value = "贴片电阻"; VariantName = "[No Variations]"
Add component (AddParameter): Name = "学习资源"; Value = "www.ooocke.com"; VariantName = "[No Variations]"
Add component (AddParameter): Name = "版权归属"; Value = "源创客"; VariantName = "[No Variations]"
Added Component: Designator=R15(R 0603_M)
Add component. Clean all parameters for all variants
Add component (AddParameter): Name = "BOM名称"; Value = "贴片电阻"; VariantName = "[No Variations]"
Add component (AddParameter): Name = "学习资源"; Value = "www.ooocke.com"; VariantName = "[No Variations]"
Add component (AddParameter): Name = "版权归属"; Value = "源创客"; VariantName = "[No Variations]"
Added Component: Designator=R16(R 0603_M)
Add component. Clean all parameters for all variants
Add component (AddParameter): Name = "BOM名称"; Value = "贴片电阻"; VariantName = "[No Variations]"
Add component (AddParameter): Name = "学习资源"; Value = "www.ooocke.com"; VariantName = "[No Variations]"
Add component (AddParameter): Name = "版权归属"; Value = "源创客"; VariantName = "[No Variations]"
Added Component: Designator=R17(R 0603_M)
Add component. Clean all parameters for all variants
Add component (AddParameter): Name = "BOM名称"; Value = "贴片电阻"; VariantName = "[No Variations]"
Add component (AddParameter): Name = "学习资源"; Value = "www.ooocke.com"; VariantName = "[No Variations]"
Add component (AddParameter): Name = "版权归属"; Value = "源创客"; VariantName = "[No Variations]"
Added Component: Designator=R18(R 0603_M)
Add component. Clean all parameters for all variants
Add component (AddParameter): Name = "BOM名称"; Value = "贴片电阻"; VariantName = "[No Variations]"
Add component (AddParameter): Name = "学习资源"; Value = "www.ooocke.com"; VariantName = "[No Variations]"
Add component (AddParameter): Name = "版权归属"; Value = "源创客"; VariantName = "[No Variations]"
Added Component: Designator=R19(R 0603_M)
Add component. Clean all parameters for all variants
Add component (AddParameter): Name = "BOM名称"; Value = "贴片电阻"; VariantName = "[No Variations]"
Add component (AddParameter): Name = "学习资源"; Value = "www.ooocke.com"; VariantName = "[No Variations]"
Add component (AddParameter): Name = "版权归属"; Value = "源创客"; VariantName = "[No Variations]"
Added Component: Designator=R20(R 0603_M)
Add component. Clean all parameters for all variants
Add component (AddParameter): Name = "BOM名称"; Value = "贴片电阻"; VariantName = "[No Variations]"
Add component (AddParameter): Name = "学习资源"; Value = "www.ooocke.com"; VariantName = "[No Variations]"
Add component (AddParameter): Name = "版权归属"; Value = "源创客"; VariantName = "[No Variations]"
Added Component: Designator=R21(R 0603_M)
Add component. Clean all parameters for all variants
Add component (AddParameter): Name = "BOM名称"; Value = "贴片电阻"; VariantName = "[No Variations]"
Add component (AddParameter): Name = "学习资源"; Value = "www.ooocke.com"; VariantName = "[No Variations]"
Add component (AddParameter): Name = "版权归属"; Value = "源创客"; VariantName = "[No Variations]"
Added Component: Designator=R22(R 0603_M)
Add component. Clean all parameters for all variants
Add component (AddParameter): Name = "BOM名称"; Value = "贴片电阻"; VariantName = "[No Variations]"
Add component (AddParameter): Name = "学习资源"; Value = "www.ooocke.com"; VariantName = "[No Variations]"
Add component (AddParameter): Name = "版权归属"; Value = "源创客"; VariantName = "[No Variations]"
Added Component: Designator=R23(R 0603_M)
Add component. Clean all parameters for all variants
Add component (AddParameter): Name = "BOM名称"; Value = "贴片电阻"; VariantName = "[No Variations]"
Add component (AddParameter): Name = "学习资源"; Value = "www.ooocke.com"; VariantName = "[No Variations]"
Add component (AddParameter): Name = "版权归属"; Value = "源创客"; VariantName = "[No Variations]"
Added Component: Designator=R24(R 0603_M)
Add component. Clean all parameters for all variants
Add component (AddParameter): Name = "BOM名称"; Value = "贴片电阻"; VariantName = "[No Variations]"
Add component (AddParameter): Name = "学习资源"; Value = "www.ooocke.com"; VariantName = "[No Variations]"
Add component (AddParameter): Name = "版权归属"; Value = "源创客"; VariantName = "[No Variations]"
Added Component: Designator=R25(R 0603_M)
Add component. Clean all parameters for all variants
Add component (AddParameter): Name = "BOM名称"; Value = "贴片电阻"; VariantName = "[No Variations]"
Add component (AddParameter): Name = "学习资源"; Value = "www.ooocke.com"; VariantName = "[No Variations]"
Add component (AddParameter): Name = "版权归属"; Value = "源创客"; VariantName = "[No Variations]"
Added Component: Designator=R26(R 0603_M)
Add component. Clean all parameters for all variants
Add component (AddParameter): Name = "BOM名称"; Value = "贴片电阻"; VariantName = "[No Variations]"
Add component (AddParameter): Name = "学习资源"; Value = "www.ooocke.com"; VariantName = "[No Variations]"
Add component (AddParameter): Name = "版权归属"; Value = "源创客"; VariantName = "[No Variations]"
Added Component: Designator=R27(R 0603_M)
Add component. Clean all parameters for all variants
Add component (AddParameter): Name = "BOM名称"; Value = "贴片电阻"; VariantName = "[No Variations]"
Add component (AddParameter): Name = "学习资源"; Value = "www.ooocke.com"; VariantName = "[No Variations]"
Add component (AddParameter): Name = "版权归属"; Value = "源创客"; VariantName = "[No Variations]"
Added Component: Designator=T1(GS5014LF)
Add component. Clean all parameters for all variants
Added Component: Designator=T2(GS5014LF)
Add component. Clean all parameters for all variants
Added Component: Designator=T3(SG24002G)
Add component. Clean all parameters for all variants
Added Pin To Net: NetName=+3.3 Pin=C1-2
Added Pin To Net: NetName=+3.3 Pin=JP1-8
Added Pin To Net: NetName=+3.3 Pin=M1-39
Added Pin To Net: NetName=+3.3 Pin=M1-41
Added Pin To Net: NetName=+3.3 Pin=M3-1
Added Pin To Net: NetName=+3.3 Pin=M4-1
Added Pin To Net: NetName=+3.3 Pin=M4-18
Added Pin To Net: NetName=+3.3 Pin=M4-40
Added Pin To Net: NetName=+3.3 Pin=M6-1
Added Pin To Net: NetName=+3.3 Pin=M6-2
Added Pin To Net: NetName=+3.3 Pin=M6-3
Added Pin To Net: NetName=+3.3 Pin=M6-4
Added Pin To Net: NetName=+3.3 Pin=M7-3
Added Pin To Net: NetName=+3.3 Pin=Q1-2
Added Pin To Net: NetName=+3.3 Pin=R1-2
Added Pin To Net: NetName=+3.3 Pin=R24-1
Added Net: Name=+3.3
Added Pin To Net: NetName=+5 Pin=JP2-1
Added Pin To Net: NetName=+5 Pin=JP3-1
Added Pin To Net: NetName=+5 Pin=JP5-4
Added Pin To Net: NetName=+5 Pin=JP14-1
Added Pin To Net: NetName=+5 Pin=JP15-1
Added Pin To Net: NetName=+5 Pin=JP16-1
Added Pin To Net: NetName=+5 Pin=JP16-2
Added Pin To Net: NetName=+5 Pin=JP19-1
Added Pin To Net: NetName=+5 Pin=M1-42
Added Pin To Net: NetName=+5 Pin=M4-38
Added Pin To Net: NetName=+5 Pin=M7-1
Added Pin To Net: NetName=+5 Pin=M7-1
Added Pin To Net: NetName=+5 Pin=M7-1
Added Pin To Net: NetName=+5 Pin=M7-1
Added Pin To Net: NetName=+5 Pin=M7-1
Added Pin To Net: NetName=+5 Pin=M7-1
Added Pin To Net: NetName=+5 Pin=M7-1
Added Pin To Net: NetName=+5 Pin=M7-1
Added Pin To Net: NetName=+5 Pin=M7-1
Added Pin To Net: NetName=+5 Pin=M7-1
Added Pin To Net: NetName=+5 Pin=M7-1
Added Pin To Net: NetName=+5 Pin=M7-1
Added Pin To Net: NetName=+5 Pin=M7-1
Added Pin To Net: NetName=+5 Pin=M7-1
Added Pin To Net: NetName=+5 Pin=M7-1
Added Pin To Net: NetName=+5 Pin=M7-1
Added Pin To Net: NetName=+5 Pin=M7-1
Added Pin To Net: NetName=+5 Pin=M7-1
Added Pin To Net: NetName=+5 Pin=M7-1
Added Pin To Net: NetName=+5 Pin=M7-1
Added Pin To Net: NetName=+5 Pin=M7-1
Added Pin To Net: NetName=+5 Pin=M7-1
Added Pin To Net: NetName=+5 Pin=M7-1
Added Pin To Net: NetName=+5 Pin=M7-1
Added Pin To Net: NetName=+5 Pin=M7-1
Added Pin To Net: NetName=+5 Pin=M7-1
Added Pin To Net: NetName=+5 Pin=M7-1
Added Pin To Net: NetName=+5 Pin=M7-1
Added Pin To Net: NetName=+5 Pin=M7-1
Added Pin To Net: NetName=+5 Pin=M7-1
Added Pin To Net: NetName=+5 Pin=M7-1
Added Net: Name=+5
Added Pin To Net: NetName=+12 Pin=JP4-1
Added Pin To Net: NetName=+12 Pin=JP17-1
Added Pin To Net: NetName=+12 Pin=JP18-1
Added Pin To Net: NetName=+12 Pin=JP18-3
Added Pin To Net: NetName=+12 Pin=JP18-5
Added Pin To Net: NetName=+12 Pin=M7-4
Added Net: Name=+12
Added Pin To Net: NetName=BK1 C\S\ Pin=JP1-1
Added Pin To Net: NetName=BK1 C\S\ Pin=M1-63
Added Net: Name=BK1 C\S\
Added Pin To Net: NetName=BK1 CLK Pin=JP1-6
Added Pin To Net: NetName=BK1 CLK Pin=M1-24
Added Net: Name=BK1 CLK
Added Pin To Net: NetName=BK1 DI(IO0) Pin=JP1-5
Added Pin To Net: NetName=BK1 DI(IO0) Pin=M1-5
Added Net: Name=BK1 DI(IO0)
Added Pin To Net: NetName=BK1 DO(IO1) Pin=JP1-2
Added Pin To Net: NetName=BK1 DO(IO1) Pin=M1-3
Added Net: Name=BK1 DO(IO1)
Added Pin To Net: NetName=BK1 H\O\L\D\(IO3) Pin=JP1-7
Added Pin To Net: NetName=BK1 H\O\L\D\(IO3) Pin=M1-52
Added Net: Name=BK1 H\O\L\D\(IO3)
Added Pin To Net: NetName=BK1 W\P\(IO2) Pin=JP1-3
Added Pin To Net: NetName=BK1 W\P\(IO2) Pin=M1-69
Added Net: Name=BK1 W\P\(IO2)
Added Pin To Net: NetName=GND Pin=C0-1
Added Pin To Net: NetName=GND Pin=C1-1
Added Pin To Net: NetName=GND Pin=C2-2
Added Pin To Net: NetName=GND Pin=C3-2
Added Pin To Net: NetName=GND Pin=C6-1
Added Pin To Net: NetName=GND Pin=C7-1
Added Pin To Net: NetName=GND Pin=C8-1
Added Pin To Net: NetName=GND Pin=C9-1
Added Pin To Net: NetName=GND Pin=C10-1
Added Pin To Net: NetName=GND Pin=C11-1
Added Pin To Net: NetName=GND Pin=C12-1
Added Pin To Net: NetName=GND Pin=C13-1
Added Pin To Net: NetName=GND Pin=C14-1
Added Pin To Net: NetName=GND Pin=C15-1
Added Pin To Net: NetName=GND Pin=C16-1
Added Pin To Net: NetName=GND Pin=C17-1
Added Pin To Net: NetName=GND Pin=C18-1
Added Pin To Net: NetName=GND Pin=C19-1
Added Pin To Net: NetName=GND Pin=C20-1
Added Pin To Net: NetName=GND Pin=C21-1
Added Pin To Net: NetName=GND Pin=C22-1
Added Pin To Net: NetName=GND Pin=C23-1
Added Pin To Net: NetName=GND Pin=C24-2
Added Pin To Net: NetName=GND Pin=C25-2
Added Pin To Net: NetName=GND Pin=C30-1
Added Pin To Net: NetName=GND Pin=C31-1
Added Pin To Net: NetName=GND Pin=JP1-4
Added Pin To Net: NetName=GND Pin=JP2-4
Added Pin To Net: NetName=GND Pin=JP3-4
Added Pin To Net: NetName=GND Pin=JP5-1
Added Pin To Net: NetName=GND Pin=JP11-3
Added Pin To Net: NetName=GND Pin=JP12-1
Added Pin To Net: NetName=GND Pin=JP13-1
Added Pin To Net: NetName=GND Pin=JP14-4
Added Pin To Net: NetName=GND Pin=JP15-7
Added Pin To Net: NetName=GND Pin=JP16-7
Added Pin To Net: NetName=GND Pin=JP16-8
Added Pin To Net: NetName=GND Pin=JP19-2
Added Pin To Net: NetName=GND Pin=M1-1
Added Pin To Net: NetName=GND Pin=M1-2
Added Pin To Net: NetName=GND Pin=M3-14
Added Pin To Net: NetName=GND Pin=M4-19
Added Pin To Net: NetName=GND Pin=M4-20
Added Pin To Net: NetName=GND Pin=M4-39
Added Pin To Net: NetName=GND Pin=M5-2
Added Pin To Net: NetName=GND Pin=M5-4
Added Pin To Net: NetName=GND Pin=M5-5
Added Pin To Net: NetName=GND Pin=M5-8
Added Pin To Net: NetName=GND Pin=M6-5
Added Pin To Net: NetName=GND Pin=M6-6
Added Pin To Net: NetName=GND Pin=M6-7
Added Pin To Net: NetName=GND Pin=M6-8
Added Pin To Net: NetName=GND Pin=M6-19
Added Pin To Net: NetName=GND Pin=M6-24
Added Pin To Net: NetName=GND Pin=M6-27
Added Pin To Net: NetName=GND Pin=M6-44
Added Pin To Net: NetName=GND Pin=M6-53
Added Pin To Net: NetName=GND Pin=M6-62
Added Pin To Net: NetName=GND Pin=M6-92
Added Pin To Net: NetName=GND Pin=M6-119
Added Pin To Net: NetName=GND Pin=M6-125
Added Pin To Net: NetName=GND Pin=M7-2
Added Pin To Net: NetName=GND Pin=R26-1
Added Pin To Net: NetName=GND Pin=R27-2
Added Net: Name=GND
Added Pin To Net: NetName=N_RX2 Pin=JP16-5
Added Pin To Net: NetName=N_RX2 Pin=M6-11
Added Net: Name=N_RX2
Added Pin To Net: NetName=N_RX3 Pin=JP16-6
Added Pin To Net: NetName=N_RX3 Pin=M6-13
Added Net: Name=N_RX3
Added Pin To Net: NetName=N_TX2 Pin=JP16-3
Added Pin To Net: NetName=N_TX2 Pin=M6-10
Added Net: Name=N_TX2
Added Pin To Net: NetName=N_TX3 Pin=JP16-4
Added Pin To Net: NetName=N_TX3 Pin=M6-12
Added Net: Name=N_TX3
Added Pin To Net: NetName=NetC0_2 Pin=C0-2
Added Pin To Net: NetName=NetC0_2 Pin=M4-17
Added Pin To Net: NetName=NetC0_2 Pin=R1-1
Added Pin To Net: NetName=NetC0_2 Pin=R2-2
Added Net: Name=NetC0_2
Added Pin To Net: NetName=NetC2_1 Pin=C2-1
Added Pin To Net: NetName=NetC2_1 Pin=C3-1
Added Pin To Net: NetName=NetC2_1 Pin=M5-1
Added Net: Name=NetC2_1
Added Pin To Net: NetName=NetC4_1 Pin=C4-1
Added Pin To Net: NetName=NetC4_1 Pin=C5-1
Added Pin To Net: NetName=NetC4_1 Pin=M5-16
Added Pin To Net: NetName=NetC4_1 Pin=R3-1
Added Net: Name=NetC4_1
Added Pin To Net: NetName=NetC6_2 Pin=C6-2
Added Pin To Net: NetName=NetC6_2 Pin=T1-7
Added Net: Name=NetC6_2
Added Pin To Net: NetName=NetC7_2 Pin=C7-2
Added Pin To Net: NetName=NetC7_2 Pin=T1-10
Added Net: Name=NetC7_2
Added Pin To Net: NetName=NetC8_2 Pin=C8-2
Added Pin To Net: NetName=NetC8_2 Pin=T1-13
Added Net: Name=NetC8_2
Added Pin To Net: NetName=NetC9_2 Pin=C9-2
Added Pin To Net: NetName=NetC9_2 Pin=T1-16
Added Net: Name=NetC9_2
Added Pin To Net: NetName=NetC10_2 Pin=C10-2
Added Pin To Net: NetName=NetC10_2 Pin=T1-19
Added Net: Name=NetC10_2
Added Pin To Net: NetName=NetC11_2 Pin=C11-2
Added Pin To Net: NetName=NetC11_2 Pin=T1-22
Added Net: Name=NetC11_2
Added Pin To Net: NetName=NetC12_2 Pin=C12-2
Added Pin To Net: NetName=NetC12_2 Pin=T2-1
Added Net: Name=NetC12_2
Added Pin To Net: NetName=NetC13_2 Pin=C13-2
Added Pin To Net: NetName=NetC13_2 Pin=T2-4
Added Net: Name=NetC13_2
Added Pin To Net: NetName=NetC14_2 Pin=C14-2
Added Pin To Net: NetName=NetC14_2 Pin=T2-7
Added Net: Name=NetC14_2
Added Pin To Net: NetName=NetC15_2 Pin=C15-2
Added Pin To Net: NetName=NetC15_2 Pin=T2-10
Added Net: Name=NetC15_2
Added Pin To Net: NetName=NetC16_2 Pin=C16-2
Added Pin To Net: NetName=NetC16_2 Pin=T2-13
Added Net: Name=NetC16_2
Added Pin To Net: NetName=NetC17_2 Pin=C17-2
Added Pin To Net: NetName=NetC17_2 Pin=T2-16
Added Net: Name=NetC17_2
Added Pin To Net: NetName=NetC18_2 Pin=C18-2
Added Pin To Net: NetName=NetC18_2 Pin=T2-19
Added Net: Name=NetC18_2
Added Pin To Net: NetName=NetC19_2 Pin=C19-2
Added Pin To Net: NetName=NetC19_2 Pin=T2-22
Added Net: Name=NetC19_2
Added Pin To Net: NetName=NetC20_2 Pin=C20-2
Added Pin To Net: NetName=NetC20_2 Pin=T3-1
Added Net: Name=NetC20_2
Added Pin To Net: NetName=NetC21_2 Pin=C21-2
Added Pin To Net: NetName=NetC21_2 Pin=T3-4
Added Net: Name=NetC21_2
Added Pin To Net: NetName=NetC22_2 Pin=C22-2
Added Pin To Net: NetName=NetC22_2 Pin=T3-7
Added Net: Name=NetC22_2
Added Pin To Net: NetName=NetC23_2 Pin=C23-2
Added Pin To Net: NetName=NetC23_2 Pin=T3-10
Added Net: Name=NetC23_2
Added Pin To Net: NetName=NetC24_1 Pin=C24-1
Added Pin To Net: NetName=NetC24_1 Pin=C25-1
Added Pin To Net: NetName=NetC24_1 Pin=R4-2
Added Pin To Net: NetName=NetC24_1 Pin=R5-2
Added Pin To Net: NetName=NetC24_1 Pin=R6-2
Added Pin To Net: NetName=NetC24_1 Pin=R7-2
Added Pin To Net: NetName=NetC24_1 Pin=R8-2
Added Pin To Net: NetName=NetC24_1 Pin=R9-2
Added Pin To Net: NetName=NetC24_1 Pin=R10-2
Added Pin To Net: NetName=NetC24_1 Pin=R11-2
Added Pin To Net: NetName=NetC24_1 Pin=R12-2
Added Pin To Net: NetName=NetC24_1 Pin=R13-2
Added Pin To Net: NetName=NetC24_1 Pin=R14-2
Added Pin To Net: NetName=NetC24_1 Pin=R15-2
Added Pin To Net: NetName=NetC24_1 Pin=R16-2
Added Pin To Net: NetName=NetC24_1 Pin=R17-2
Added Pin To Net: NetName=NetC24_1 Pin=R18-2
Added Pin To Net: NetName=NetC24_1 Pin=R19-2
Added Pin To Net: NetName=NetC24_1 Pin=R20-2
Added Pin To Net: NetName=NetC24_1 Pin=R21-2
Added Pin To Net: NetName=NetC24_1 Pin=R22-2
Added Pin To Net: NetName=NetC24_1 Pin=R23-2
Added Net: Name=NetC24_1
Added Pin To Net: NetName=NetC30_2 Pin=C30-2
Added Pin To Net: NetName=NetC30_2 Pin=T1-1
Added Net: Name=NetC30_2
Added Pin To Net: NetName=NetC31_2 Pin=C31-2
Added Pin To Net: NetName=NetC31_2 Pin=T1-4
Added Net: Name=NetC31_2
Added Pin To Net: NetName=NetJP6_1 Pin=JP6-1
Added Pin To Net: NetName=NetJP6_1 Pin=T1-41
Added Net: Name=NetJP6_1
Added Pin To Net: NetName=NetJP6_2 Pin=JP6-2
Added Pin To Net: NetName=NetJP6_2 Pin=T1-47
Added Net: Name=NetJP6_2
Added Pin To Net: NetName=NetJP6_3 Pin=JP6-3
Added Pin To Net: NetName=NetJP6_3 Pin=T1-40
Added Net: Name=NetJP6_3
Added Pin To Net: NetName=NetJP6_4 Pin=JP6-4
Added Pin To Net: NetName=NetJP6_4 Pin=T1-46
Added Net: Name=NetJP6_4
Added Pin To Net: NetName=NetJP6_5 Pin=JP6-5
Added Pin To Net: NetName=NetJP6_5 Pin=T1-38
Added Net: Name=NetJP6_5
Added Pin To Net: NetName=NetJP6_6 Pin=JP6-6
Added Pin To Net: NetName=NetJP6_6 Pin=T1-44
Added Net: Name=NetJP6_6
Added Pin To Net: NetName=NetJP6_7 Pin=JP6-7
Added Pin To Net: NetName=NetJP6_7 Pin=T1-37
Added Net: Name=NetJP6_7
Added Pin To Net: NetName=NetJP6_8 Pin=JP6-8
Added Pin To Net: NetName=NetJP6_8 Pin=T1-43
Added Net: Name=NetJP6_8
Added Pin To Net: NetName=NetJP7_1 Pin=JP7-1
Added Pin To Net: NetName=NetJP7_1 Pin=T1-29
Added Net: Name=NetJP7_1
Added Pin To Net: NetName=NetJP7_2 Pin=JP7-2
Added Pin To Net: NetName=NetJP7_2 Pin=T1-35
Added Net: Name=NetJP7_2
Added Pin To Net: NetName=NetJP7_3 Pin=JP7-3
Added Pin To Net: NetName=NetJP7_3 Pin=T1-28
Added Net: Name=NetJP7_3
Added Pin To Net: NetName=NetJP7_4 Pin=JP7-4
Added Pin To Net: NetName=NetJP7_4 Pin=T1-34
Added Net: Name=NetJP7_4
Added Pin To Net: NetName=NetJP7_5 Pin=JP7-5
Added Pin To Net: NetName=NetJP7_5 Pin=T1-26
Added Net: Name=NetJP7_5
Added Pin To Net: NetName=NetJP7_6 Pin=JP7-6
Added Pin To Net: NetName=NetJP7_6 Pin=T1-32
Added Net: Name=NetJP7_6
Added Pin To Net: NetName=NetJP7_7 Pin=JP7-7
Added Pin To Net: NetName=NetJP7_7 Pin=T1-25
Added Net: Name=NetJP7_7
Added Pin To Net: NetName=NetJP7_8 Pin=JP7-8
Added Pin To Net: NetName=NetJP7_8 Pin=T1-31
Added Net: Name=NetJP7_8
Added Pin To Net: NetName=NetJP8_1 Pin=JP8-1
Added Pin To Net: NetName=NetJP8_1 Pin=T2-41
Added Net: Name=NetJP8_1
Added Pin To Net: NetName=NetJP8_2 Pin=JP8-2
Added Pin To Net: NetName=NetJP8_2 Pin=T2-47
Added Net: Name=NetJP8_2
Added Pin To Net: NetName=NetJP8_3 Pin=JP8-3
Added Pin To Net: NetName=NetJP8_3 Pin=T2-40
Added Net: Name=NetJP8_3
Added Pin To Net: NetName=NetJP8_4 Pin=JP8-4
Added Pin To Net: NetName=NetJP8_4 Pin=T2-46
Added Net: Name=NetJP8_4
Added Pin To Net: NetName=NetJP8_5 Pin=JP8-5
Added Pin To Net: NetName=NetJP8_5 Pin=T2-38
Added Net: Name=NetJP8_5
Added Pin To Net: NetName=NetJP8_6 Pin=JP8-6
Added Pin To Net: NetName=NetJP8_6 Pin=T2-44
Added Net: Name=NetJP8_6
Added Pin To Net: NetName=NetJP8_7 Pin=JP8-7
Added Pin To Net: NetName=NetJP8_7 Pin=T2-37
Added Net: Name=NetJP8_7
Added Pin To Net: NetName=NetJP8_8 Pin=JP8-8
Added Pin To Net: NetName=NetJP8_8 Pin=T2-43
Added Net: Name=NetJP8_8
Added Pin To Net: NetName=NetJP9_1 Pin=JP9-1
Added Pin To Net: NetName=NetJP9_1 Pin=T2-29
Added Net: Name=NetJP9_1
Added Pin To Net: NetName=NetJP9_2 Pin=JP9-2
Added Pin To Net: NetName=NetJP9_2 Pin=T2-35
Added Net: Name=NetJP9_2
Added Pin To Net: NetName=NetJP9_3 Pin=JP9-3
Added Pin To Net: NetName=NetJP9_3 Pin=T2-28
Added Net: Name=NetJP9_3
Added Pin To Net: NetName=NetJP9_4 Pin=JP9-4
Added Pin To Net: NetName=NetJP9_4 Pin=T2-34
Added Net: Name=NetJP9_4
Added Pin To Net: NetName=NetJP9_5 Pin=JP9-5
Added Pin To Net: NetName=NetJP9_5 Pin=T2-26
Added Net: Name=NetJP9_5
Added Pin To Net: NetName=NetJP9_6 Pin=JP9-6
Added Pin To Net: NetName=NetJP9_6 Pin=T2-32
Added Net: Name=NetJP9_6
Added Pin To Net: NetName=NetJP9_7 Pin=JP9-7
Added Pin To Net: NetName=NetJP9_7 Pin=T2-25
Added Net: Name=NetJP9_7
Added Pin To Net: NetName=NetJP9_8 Pin=JP9-8
Added Pin To Net: NetName=NetJP9_8 Pin=T2-31
Added Net: Name=NetJP9_8
Added Pin To Net: NetName=NetJP10_1 Pin=JP10-1
Added Pin To Net: NetName=NetJP10_1 Pin=T3-17
Added Net: Name=NetJP10_1
Added Pin To Net: NetName=NetJP10_2 Pin=JP10-2
Added Pin To Net: NetName=NetJP10_2 Pin=T3-23
Added Net: Name=NetJP10_2
Added Pin To Net: NetName=NetJP10_3 Pin=JP10-3
Added Pin To Net: NetName=NetJP10_3 Pin=T3-16
Added Net: Name=NetJP10_3
Added Pin To Net: NetName=NetJP10_4 Pin=JP10-4
Added Pin To Net: NetName=NetJP10_4 Pin=T3-22
Added Net: Name=NetJP10_4
Added Pin To Net: NetName=NetJP10_5 Pin=JP10-5
Added Pin To Net: NetName=NetJP10_5 Pin=T3-14
Added Net: Name=NetJP10_5
Added Pin To Net: NetName=NetJP10_6 Pin=JP10-6
Added Pin To Net: NetName=NetJP10_6 Pin=T3-20
Added Net: Name=NetJP10_6
Added Pin To Net: NetName=NetJP10_7 Pin=JP10-7
Added Pin To Net: NetName=NetJP10_7 Pin=T3-13
Added Net: Name=NetJP10_7
Added Pin To Net: NetName=NetJP10_8 Pin=JP10-8
Added Pin To Net: NetName=NetJP10_8 Pin=T3-19
Added Net: Name=NetJP10_8
Added Pin To Net: NetName=NetJP12_2 Pin=JP12-2
Added Pin To Net: NetName=NetJP12_2 Pin=JP13-2
Added Pin To Net: NetName=NetJP12_2 Pin=R25-2
Added Net: Name=NetJP12_2
Added Pin To Net: NetName=NetQ1_1 Pin=Q1-1
Added Pin To Net: NetName=NetQ1_1 Pin=R24-2
Added Pin To Net: NetName=NetQ1_1 Pin=R25-1
Added Net: Name=NetQ1_1
Added Pin To Net: NetName=NetR4_1 Pin=R4-1
Added Pin To Net: NetName=NetR4_1 Pin=T1-48
Added Net: Name=NetR4_1
Added Pin To Net: NetName=NetR5_1 Pin=R5-1
Added Pin To Net: NetName=NetR5_1 Pin=T1-45
Added Net: Name=NetR5_1
Added Pin To Net: NetName=NetR6_1 Pin=R6-1
Added Pin To Net: NetName=NetR6_1 Pin=T1-42
Added Net: Name=NetR6_1
Added Pin To Net: NetName=NetR7_1 Pin=R7-1
Added Pin To Net: NetName=NetR7_1 Pin=T1-39
Added Net: Name=NetR7_1
Added Pin To Net: NetName=NetR8_1 Pin=R8-1
Added Pin To Net: NetName=NetR8_1 Pin=T1-36
Added Net: Name=NetR8_1
Added Pin To Net: NetName=NetR9_1 Pin=R9-1
Added Pin To Net: NetName=NetR9_1 Pin=T1-33
Added Net: Name=NetR9_1
Added Pin To Net: NetName=NetR10_1 Pin=R10-1
Added Pin To Net: NetName=NetR10_1 Pin=T1-30
Added Net: Name=NetR10_1
Added Pin To Net: NetName=NetR11_1 Pin=R11-1
Added Pin To Net: NetName=NetR11_1 Pin=T1-27
Added Net: Name=NetR11_1
Added Pin To Net: NetName=NetR12_1 Pin=R12-1
Added Pin To Net: NetName=NetR12_1 Pin=T2-48
Added Net: Name=NetR12_1
Added Pin To Net: NetName=NetR13_1 Pin=R13-1
Added Pin To Net: NetName=NetR13_1 Pin=T2-45
Added Net: Name=NetR13_1
Added Pin To Net: NetName=NetR14_1 Pin=R14-1
Added Pin To Net: NetName=NetR14_1 Pin=T2-42
Added Net: Name=NetR14_1
Added Pin To Net: NetName=NetR15_1 Pin=R15-1
Added Pin To Net: NetName=NetR15_1 Pin=T2-39
Added Net: Name=NetR15_1
Added Pin To Net: NetName=NetR16_1 Pin=R16-1
Added Pin To Net: NetName=NetR16_1 Pin=T2-36
Added Net: Name=NetR16_1
Added Pin To Net: NetName=NetR17_1 Pin=R17-1
Added Pin To Net: NetName=NetR17_1 Pin=T2-33
Added Net: Name=NetR17_1
Added Pin To Net: NetName=NetR18_1 Pin=R18-1
Added Pin To Net: NetName=NetR18_1 Pin=T2-30
Added Net: Name=NetR18_1
Added Pin To Net: NetName=NetR19_1 Pin=R19-1
Added Pin To Net: NetName=NetR19_1 Pin=T2-27
Added Net: Name=NetR19_1
Added Pin To Net: NetName=NetR20_1 Pin=R20-1
Added Pin To Net: NetName=NetR20_1 Pin=T3-24
Added Net: Name=NetR20_1
Added Pin To Net: NetName=NetR21_1 Pin=R21-1
Added Pin To Net: NetName=NetR21_1 Pin=T3-21
Added Net: Name=NetR21_1
Added Pin To Net: NetName=NetR22_1 Pin=R22-1
Added Pin To Net: NetName=NetR22_1 Pin=T3-18
Added Net: Name=NetR22_1
Added Pin To Net: NetName=NetR23_1 Pin=R23-1
Added Pin To Net: NetName=NetR23_1 Pin=T3-15
Added Net: Name=NetR23_1
Added Pin To Net: NetName=P0_A_N Pin=M6-29
Added Pin To Net: NetName=P0_A_N Pin=T1-23
Added Net: Name=P0_A_N
Added Pin To Net: NetName=P0_A_P Pin=M6-28
Added Pin To Net: NetName=P0_A_P Pin=T1-24
Added Net: Name=P0_A_P
Added Pin To Net: NetName=P0_B_N Pin=M6-31
Added Pin To Net: NetName=P0_B_N Pin=T1-20
Added Net: Name=P0_B_N
Added Pin To Net: NetName=P0_B_P Pin=M6-30
Added Pin To Net: NetName=P0_B_P Pin=T1-21
Added Net: Name=P0_B_P
Added Pin To Net: NetName=P0_C_N Pin=M6-33
Added Pin To Net: NetName=P0_C_N Pin=T1-17
Added Net: Name=P0_C_N
Added Pin To Net: NetName=P0_C_P Pin=M6-32
Added Pin To Net: NetName=P0_C_P Pin=T1-18
Added Net: Name=P0_C_P
Added Pin To Net: NetName=P0_D_N Pin=M6-35
Added Pin To Net: NetName=P0_D_N Pin=T1-14
Added Net: Name=P0_D_N
Added Pin To Net: NetName=P0_D_P Pin=M6-34
Added Pin To Net: NetName=P0_D_P Pin=T1-15
Added Net: Name=P0_D_P
Added Pin To Net: NetName=P1_A_N Pin=M6-37
Added Pin To Net: NetName=P1_A_N Pin=T1-11
Added Net: Name=P1_A_N
Added Pin To Net: NetName=P1_A_P Pin=M6-36
Added Pin To Net: NetName=P1_A_P Pin=T1-12
Added Net: Name=P1_A_P
Added Pin To Net: NetName=P1_B_N Pin=M6-39
Added Pin To Net: NetName=P1_B_N Pin=T1-8
Added Net: Name=P1_B_N
Added Pin To Net: NetName=P1_B_P Pin=M6-38
Added Pin To Net: NetName=P1_B_P Pin=T1-9
Added Net: Name=P1_B_P
Added Pin To Net: NetName=P1_C_N Pin=M6-41
Added Pin To Net: NetName=P1_C_N Pin=T1-5
Added Net: Name=P1_C_N
Added Pin To Net: NetName=P1_C_P Pin=M6-40
Added Pin To Net: NetName=P1_C_P Pin=T1-6
Added Net: Name=P1_C_P
Added Pin To Net: NetName=P1_D_N Pin=M6-43
Added Pin To Net: NetName=P1_D_N Pin=T1-2
Added Net: Name=P1_D_N
Added Pin To Net: NetName=P1_D_P Pin=M6-42
Added Pin To Net: NetName=P1_D_P Pin=T1-3
Added Net: Name=P1_D_P
Added Pin To Net: NetName=P2_A_N Pin=M6-46
Added Pin To Net: NetName=P2_A_N Pin=T2-23
Added Net: Name=P2_A_N
Added Pin To Net: NetName=P2_A_P Pin=M6-45
Added Pin To Net: NetName=P2_A_P Pin=T2-24
Added Net: Name=P2_A_P
Added Pin To Net: NetName=P2_B_N Pin=M6-48
Added Pin To Net: NetName=P2_B_N Pin=T2-20
Added Net: Name=P2_B_N
Added Pin To Net: NetName=P2_B_P Pin=M6-47
Added Pin To Net: NetName=P2_B_P Pin=T2-21
Added Net: Name=P2_B_P
Added Pin To Net: NetName=P2_C_N Pin=M6-50
Added Pin To Net: NetName=P2_C_N Pin=T2-17
Added Net: Name=P2_C_N
Added Pin To Net: NetName=P2_C_P Pin=M6-49
Added Pin To Net: NetName=P2_C_P Pin=T2-18
Added Net: Name=P2_C_P
Added Pin To Net: NetName=P2_D_N Pin=M6-52
Added Pin To Net: NetName=P2_D_N Pin=T2-14
Added Net: Name=P2_D_N
Added Pin To Net: NetName=P2_D_P Pin=M6-51
Added Pin To Net: NetName=P2_D_P Pin=T2-15
Added Net: Name=P2_D_P
Added Pin To Net: NetName=P3_A_N Pin=M6-55
Added Pin To Net: NetName=P3_A_N Pin=T2-11
Added Net: Name=P3_A_N
Added Pin To Net: NetName=P3_A_P Pin=M6-54
Added Pin To Net: NetName=P3_A_P Pin=T2-12
Added Net: Name=P3_A_P
Added Pin To Net: NetName=P3_B_N Pin=M6-57
Added Pin To Net: NetName=P3_B_N Pin=T2-8
Added Net: Name=P3_B_N
Added Pin To Net: NetName=P3_B_P Pin=M6-56
Added Pin To Net: NetName=P3_B_P Pin=M6-56
Added Pin To Net: NetName=P3_B_P Pin=T2-9
Added Net: Name=P3_B_P
Added Pin To Net: NetName=P3_C_N Pin=M6-59
Added Pin To Net: NetName=P3_C_N Pin=T2-5
Added Net: Name=P3_C_N
Added Pin To Net: NetName=P3_C_P Pin=M6-58
Added Pin To Net: NetName=P3_C_P Pin=T2-6
Added Net: Name=P3_C_P
Added Pin To Net: NetName=P3_D_N Pin=M6-61
Added Pin To Net: NetName=P3_D_N Pin=T2-2
Added Net: Name=P3_D_N
Added Pin To Net: NetName=P3_D_P Pin=M6-60
Added Pin To Net: NetName=P3_D_P Pin=T2-3
Added Net: Name=P3_D_P
Added Pin To Net: NetName=P4_A_N Pin=M6-64
Added Pin To Net: NetName=P4_A_N Pin=T3-11
Added Net: Name=P4_A_N
Added Pin To Net: NetName=P4_A_P Pin=M6-63
Added Pin To Net: NetName=P4_A_P Pin=T3-12
Added Net: Name=P4_A_P
Added Pin To Net: NetName=P4_B_N Pin=M6-66
Added Pin To Net: NetName=P4_B_N Pin=T3-8
Added Net: Name=P4_B_N
Added Pin To Net: NetName=P4_B_P Pin=M6-65
Added Pin To Net: NetName=P4_B_P Pin=T3-9
Added Net: Name=P4_B_P
Added Pin To Net: NetName=P4_C_N Pin=M6-68
Added Pin To Net: NetName=P4_C_N Pin=T3-5
Added Net: Name=P4_C_N
Added Pin To Net: NetName=P4_C_P Pin=M6-67
Added Pin To Net: NetName=P4_C_P Pin=T3-6
Added Net: Name=P4_C_P
Added Pin To Net: NetName=P4_D_N Pin=M6-70
Added Pin To Net: NetName=P4_D_N Pin=T3-2
Added Net: Name=P4_D_N
Added Pin To Net: NetName=P4_D_P Pin=M6-69
Added Pin To Net: NetName=P4_D_P Pin=T3-3
Added Net: Name=P4_D_P
Added Pin To Net: NetName=P_RX7 Pin=JP4-3
Added Pin To Net: NetName=P_RX7 Pin=M5-11
Added Net: Name=P_RX7
Added Pin To Net: NetName=P_TX7 Pin=JP4-2
Added Pin To Net: NetName=P_TX7 Pin=M5-14
Added Net: Name=P_TX7
Added Pin To Net: NetName=PGND Pin=C4-2
Added Pin To Net: NetName=PGND Pin=C5-2
Added Pin To Net: NetName=PGND Pin=JP4-4
Added Pin To Net: NetName=PGND Pin=JP17-2
Added Pin To Net: NetName=PGND Pin=JP18-2
Added Pin To Net: NetName=PGND Pin=JP18-4
Added Pin To Net: NetName=PGND Pin=JP18-6
Added Pin To Net: NetName=PGND Pin=M5-9
Added Pin To Net: NetName=PGND Pin=M5-10
Added Pin To Net: NetName=PGND Pin=M5-15
Added Pin To Net: NetName=PGND Pin=M7-5
Added Pin To Net: NetName=PGND Pin=R3-2
Added Net: Name=PGND
Added Pin To Net: NetName=RX1 Pin=M1-14
Added Pin To Net: NetName=RX1 Pin=M6-94
Added Net: Name=RX1
Added Pin To Net: NetName=RX2 Pin=M1-31
Added Net: Name=RX2
Added Pin To Net: NetName=RX3 Pin=M1-11
Added Pin To Net: NetName=RX3 Pin=M3-8
Added Net: Name=RX3
Added Pin To Net: NetName=RX4 Pin=M1-33
Added Pin To Net: NetName=RX4 Pin=M4-26
Added Net: Name=RX4
Added Pin To Net: NetName=RX5 Pin=JP2-3
Added Pin To Net: NetName=RX5 Pin=M1-8
Added Net: Name=RX5
Added Pin To Net: NetName=RX6 Pin=JP3-3
Added Pin To Net: NetName=RX6 Pin=M1-73
Added Net: Name=RX6
Added Pin To Net: NetName=RX7 Pin=M1-21
Added Pin To Net: NetName=RX7 Pin=M5-6
Added Net: Name=RX7
Added Pin To Net: NetName=RX8 Pin=JP11-2
Added Pin To Net: NetName=RX8 Pin=M1-67
Added Net: Name=RX8
Added Pin To Net: NetName=TX1 Pin=M1-4
Added Pin To Net: NetName=TX1 Pin=M6-93
Added Net: Name=TX1
Added Pin To Net: NetName=TX2 Pin=M1-34
Added Net: Name=TX2
Added Pin To Net: NetName=TX3 Pin=M1-12
Added Pin To Net: NetName=TX3 Pin=M3-9
Added Net: Name=TX3
Added Pin To Net: NetName=TX4 Pin=M1-36
Added Pin To Net: NetName=TX4 Pin=M4-27
Added Net: Name=TX4
Added Pin To Net: NetName=TX5 Pin=JP2-2
Added Pin To Net: NetName=TX5 Pin=M1-10
Added Net: Name=TX5
Added Pin To Net: NetName=TX6 Pin=JP3-2
Added Pin To Net: NetName=TX6 Pin=M1-47
Added Net: Name=TX6
Added Pin To Net: NetName=TX7 Pin=M1-22
Added Pin To Net: NetName=TX7 Pin=M5-3
Added Net: Name=TX7
Added Pin To Net: NetName=TX8 Pin=JP11-1
Added Pin To Net: NetName=TX8 Pin=M1-68
Added Net: Name=TX8
Added Pin To Net: NetName=U2_DM Pin=JP14-2
Added Pin To Net: NetName=U2_DM Pin=M6-18
Added Net: Name=U2_DM
Added Pin To Net: NetName=U2_DP Pin=JP14-3
Added Pin To Net: NetName=U2_DP Pin=M6-17
Added Net: Name=U2_DP
Added Pin To Net: NetName=U3_DM Pin=JP15-3
Added Pin To Net: NetName=U3_DM Pin=M6-26
Added Net: Name=U3_DM
Added Pin To Net: NetName=U3_DP Pin=JP15-5
Added Pin To Net: NetName=U3_DP Pin=M6-25
Added Net: Name=U3_DP
Added Pin To Net: NetName=U3_SS_RXN Pin=JP15-8
Added Pin To Net: NetName=U3_SS_RXN Pin=M6-23
Added Net: Name=U3_SS_RXN
Added Pin To Net: NetName=U3_SS_RXP Pin=JP15-6
Added Pin To Net: NetName=U3_SS_RXP Pin=M6-22
Added Net: Name=U3_SS_RXP
Added Pin To Net: NetName=U3_SS_TXN Pin=JP15-4
Added Pin To Net: NetName=U3_SS_TXN Pin=M6-21
Added Net: Name=U3_SS_TXN
Added Pin To Net: NetName=U3_SS_TXP Pin=JP15-2
Added Pin To Net: NetName=U3_SS_TXP Pin=M6-20
Added Net: Name=U3_SS_TXP
Added Pin To Net: NetName=Water Pin=M1-74
Added Pin To Net: NetName=Water Pin=Q1-3
Added Pin To Net: NetName=Water Pin=R26-2
Added Pin To Net: NetName=Water Pin=R27-1
Added Net: Name=Water
Added Pin To Net: NetName=WD_NRST Pin=M1-71
Added Pin To Net: NetName=WD_NRST Pin=R2-1
Added Net: Name=WD_NRST
Added Pin To Net: NetName=WD_SCL Pin=JP5-3
Added Pin To Net: NetName=WD_SCL Pin=M4-34
Added Net: Name=WD_SCL
Added Pin To Net: NetName=WD_SDA Pin=JP5-2
Added Pin To Net: NetName=WD_SDA Pin=M4-35
Added Net: Name=WD_SDA
Added Class: Name=PRO1
Added Class: Name=PRO2
Added Class: Name=PRO3
Added Room: Name=PRO1
Added Room: Name=PRO2
Added Room: Name=PRO3
